Connecting to database specified by database.yml
Connecting to database specified by database.yml
Connecting to database specified by database.yml


Started GET "/movies" for 127.0.0.1 at 2013-03-26 18:01:41 -0400

ActionController::RoutingError (No route matches [GET] "/movies"):
  actionpack (3.2.11) lib/action_dispatch/middleware/debug_exceptions.rb:21:in `call'
  actionpack (3.2.11) lib/action_dispatch/middleware/show_exceptions.rb:56:in `call'
  railties (3.2.11) lib/rails/rack/logger.rb:32:in `call_app'
  railties (3.2.11) lib/rails/rack/logger.rb:16:in `block in call'
  activesupport (3.2.11) lib/active_support/tagged_logging.rb:22:in `tagged'
  railties (3.2.11) lib/rails/rack/logger.rb:16:in `call'
  actionpack (3.2.11) lib/action_dispatch/middleware/request_id.rb:22:in `call'
  rack (1.4.5) lib/rack/methodoverride.rb:21:in `call'
  rack (1.4.5) lib/rack/runtime.rb:17:in `call'
  activesupport (3.2.11) lib/active_support/cache/strategy/local_cache.rb:72:in `call'
  rack (1.4.5) lib/rack/lock.rb:15:in `call'
  actionpack (3.2.11) lib/action_dispatch/middleware/static.rb:62:in `call'
  railties (3.2.11) lib/rails/engine.rb:479:in `call'
  railties (3.2.11) lib/rails/application.rb:223:in `call'
  rack (1.4.5) lib/rack/content_length.rb:14:in `call'
  railties (3.2.11) lib/rails/rack/log_tailer.rb:17:in `call'
  rack (1.4.5) lib/rack/handler/webrick.rb:59:in `service'
  /home/cosc480/.rvm/rubies/ruby-1.9.3-p327/lib/ruby/1.9.1/webrick/httpserver.rb:138:in `service'
  /home/cosc480/.rvm/rubies/ruby-1.9.3-p327/lib/ruby/1.9.1/webrick/httpserver.rb:94:in `run'
  /home/cosc480/.rvm/rubies/ruby-1.9.3-p327/lib/ruby/1.9.1/webrick/server.rb:191:in `block in start_thread'


  Rendered /home/cosc480/.rvm/gems/ruby-1.9.3-p327/gems/actionpack-3.2.11/lib/action_dispatch/middleware/templates/rescues/routing_error.erb within rescues/layout (13.0ms)


Started GET "/calendar" for 127.0.0.1 at 2013-03-26 18:01:49 -0400
Processing by CalendarController#index as HTML
Completed 500 Internal Server Error in 320ms

ActiveRecord::StatementInvalid (Could not find table 'events'):
  app/controllers/calendar_controller.rb:9:in `index'


  Rendered /home/cosc480/.rvm/gems/ruby-1.9.3-p327/gems/actionpack-3.2.11/lib/action_dispatch/middleware/templates/rescues/_trace.erb (4.6ms)
  Rendered /home/cosc480/.rvm/gems/ruby-1.9.3-p327/gems/actionpack-3.2.11/lib/action_dispatch/middleware/templates/rescues/_request_and_response.erb (2.5ms)
  Rendered /home/cosc480/.rvm/gems/ruby-1.9.3-p327/gems/actionpack-3.2.11/lib/action_dispatch/middleware/templates/rescues/diagnostics.erb within rescues/layout (30.2ms)
Connecting to database specified by database.yml
  [1m[36m (0.1ms)[0m  [1mselect sqlite_version(*)[0m
  [1m[35m (23.4ms)[0m  CREATE TABLE "schema_migrations" ("version" varchar(255) NOT NULL) 
  [1m[36m (30.3ms)[0m  [1mCREATE UNIQUE INDEX "unique_schema_migrations" ON "schema_migrations" ("version")[0m
  [1m[35m (25.1ms)[0m  SELECT "schema_migrations"."version" FROM "schema_migrations" 
Migrating to CreateEvents (20130326213750)
  [1m[36m (0.1ms)[0m  [1mbegin transaction[0m
  [1m[35m (1.8ms)[0m  CREATE TABLE "events" ("id" INTEGER PRIMARY KEY AUTOINCREMENT NOT NULL, "name" varchar(255), "start_at" datetime, "end_at" datetime, "created_at" datetime NOT NULL, "updated_at" datetime NOT NULL) 
  [1m[36m (0.2ms)[0m  [1mINSERT INTO "schema_migrations" ("version") VALUES ('20130326213750')[0m
  [1m[35m (11.4ms)[0m  commit transaction
  [1m[36m (0.4ms)[0m  [1mSELECT "schema_migrations"."version" FROM "schema_migrations" [0m
Connecting to database specified by database.yml


Started GET "/calendar" for 127.0.0.1 at 2013-03-26 18:04:01 -0400
Processing by CalendarController#index as HTML
  [1m[36mEvent Load (0.3ms)[0m  [1mSELECT "events".* FROM "events" WHERE (('2013-02-24 05:00:00.000000' <= end_at) AND (start_at< '2013-04-07 04:00:00.000000')) ORDER BY start_at ASC[0m
  Rendered calendar/index.html.erb within layouts/application (265.3ms)
Compiled application.css  (2ms)  (pid 3507)
Compiled jquery.js  (7ms)  (pid 3507)
Compiled jquery_ujs.js  (1ms)  (pid 3507)
Compiled application.js  (155ms)  (pid 3507)
Completed 200 OK in 837ms (Views: 582.1ms | ActiveRecord: 64.9ms)


Started GET "/assets/event_calendar.css" for 127.0.0.1 at 2013-03-26 18:04:02 -0400
Served asset /event_calendar.css - 404 Not Found (33ms)

ActionController::RoutingError (No route matches [GET] "/assets/event_calendar.css"):
  actionpack (3.2.11) lib/action_dispatch/middleware/debug_exceptions.rb:21:in `call'
  actionpack (3.2.11) lib/action_dispatch/middleware/show_exceptions.rb:56:in `call'
  railties (3.2.11) lib/rails/rack/logger.rb:32:in `call_app'
  railties (3.2.11) lib/rails/rack/logger.rb:16:in `block in call'
  activesupport (3.2.11) lib/active_support/tagged_logging.rb:22:in `tagged'
  railties (3.2.11) lib/rails/rack/logger.rb:16:in `call'
  actionpack (3.2.11) lib/action_dispatch/middleware/request_id.rb:22:in `call'
  rack (1.4.5) lib/rack/methodoverride.rb:21:in `call'
  rack (1.4.5) lib/rack/runtime.rb:17:in `call'
  activesupport (3.2.11) lib/active_support/cache/strategy/local_cache.rb:72:in `call'
  rack (1.4.5) lib/rack/lock.rb:15:in `call'
  actionpack (3.2.11) lib/action_dispatch/middleware/static.rb:62:in `call'
  railties (3.2.11) lib/rails/engine.rb:479:in `call'
  railties (3.2.11) lib/rails/application.rb:223:in `call'
  rack (1.4.5) lib/rack/content_length.rb:14:in `call'
  railties (3.2.11) lib/rails/rack/log_tailer.rb:17:in `call'
  rack (1.4.5) lib/rack/handler/webrick.rb:59:in `service'
  /home/cosc480/.rvm/rubies/ruby-1.9.3-p327/lib/ruby/1.9.1/webrick/httpserver.rb:138:in `service'
  /home/cosc480/.rvm/rubies/ruby-1.9.3-p327/lib/ruby/1.9.1/webrick/httpserver.rb:94:in `run'
  /home/cosc480/.rvm/rubies/ruby-1.9.3-p327/lib/ruby/1.9.1/webrick/server.rb:191:in `block in start_thread'


  Rendered /home/cosc480/.rvm/gems/ruby-1.9.3-p327/gems/actionpack-3.2.11/lib/action_dispatch/middleware/templates/rescues/routing_error.erb within rescues/layout (1.3ms)


Started GET "/assets/jquery_ujs.js?body=1" for 127.0.0.1 at 2013-03-26 18:04:02 -0400
Served asset /jquery_ujs.js - 200 OK (15ms)


Started GET "/assets/application.css?body=1" for 127.0.0.1 at 2013-03-26 18:04:02 -0400
Served asset /application.css - 200 OK (20ms)


Started GET "/assets/jquery.js?body=1" for 127.0.0.1 at 2013-03-26 18:04:02 -0400
Served asset /jquery.js - 200 OK (22ms)


Started GET "/assets/application.js?body=1" for 127.0.0.1 at 2013-03-26 18:04:02 -0400
Served asset /application.js - 304 Not Modified (44ms)


Started GET "/calendar/2013/2" for 127.0.0.1 at 2013-03-26 18:04:14 -0400
Processing by CalendarController#index as HTML
  Parameters: {"year"=>"2013", "month"=>"2"}
  [1m[35mEvent Load (0.4ms)[0m  SELECT "events".* FROM "events" WHERE (('2013-01-27 05:00:00.000000' <= end_at) AND (start_at< '2013-03-03 05:00:00.000000')) ORDER BY start_at ASC
  Rendered calendar/index.html.erb within layouts/application (29.4ms)
Completed 200 OK in 59ms (Views: 42.4ms | ActiveRecord: 0.4ms)


Started GET "/assets/application.js?body=1" for 127.0.0.1 at 2013-03-26 18:04:14 -0400
Served asset /application.js - 304 Not Modified (19ms)


Started GET "/assets/event_calendar.css" for 127.0.0.1 at 2013-03-26 18:04:14 -0400
Served asset /event_calendar.css - 404 Not Found (17ms)

ActionController::RoutingError (No route matches [GET] "/assets/event_calendar.css"):
  actionpack (3.2.11) lib/action_dispatch/middleware/debug_exceptions.rb:21:in `call'
  actionpack (3.2.11) lib/action_dispatch/middleware/show_exceptions.rb:56:in `call'
  railties (3.2.11) lib/rails/rack/logger.rb:32:in `call_app'
  railties (3.2.11) lib/rails/rack/logger.rb:16:in `block in call'
  activesupport (3.2.11) lib/active_support/tagged_logging.rb:22:in `tagged'
  railties (3.2.11) lib/rails/rack/logger.rb:16:in `call'
  actionpack (3.2.11) lib/action_dispatch/middleware/request_id.rb:22:in `call'
  rack (1.4.5) lib/rack/methodoverride.rb:21:in `call'
  rack (1.4.5) lib/rack/runtime.rb:17:in `call'
  activesupport (3.2.11) lib/active_support/cache/strategy/local_cache.rb:72:in `call'
  rack (1.4.5) lib/rack/lock.rb:15:in `call'
  actionpack (3.2.11) lib/action_dispatch/middleware/static.rb:62:in `call'
  railties (3.2.11) lib/rails/engine.rb:479:in `call'
  railties (3.2.11) lib/rails/application.rb:223:in `call'
  rack (1.4.5) lib/rack/content_length.rb:14:in `call'
  railties (3.2.11) lib/rails/rack/log_tailer.rb:17:in `call'
  rack (1.4.5) lib/rack/handler/webrick.rb:59:in `service'
  /home/cosc480/.rvm/rubies/ruby-1.9.3-p327/lib/ruby/1.9.1/webrick/httpserver.rb:138:in `service'
  /home/cosc480/.rvm/rubies/ruby-1.9.3-p327/lib/ruby/1.9.1/webrick/httpserver.rb:94:in `run'
  /home/cosc480/.rvm/rubies/ruby-1.9.3-p327/lib/ruby/1.9.1/webrick/server.rb:191:in `block in start_thread'


  Rendered /home/cosc480/.rvm/gems/ruby-1.9.3-p327/gems/actionpack-3.2.11/lib/action_dispatch/middleware/templates/rescues/routing_error.erb within rescues/layout (1.8ms)


Started GET "/calendar/2013/3" for 127.0.0.1 at 2013-03-26 18:04:15 -0400
Processing by CalendarController#index as HTML
  Parameters: {"year"=>"2013", "month"=>"3"}
  [1m[36mEvent Load (0.4ms)[0m  [1mSELECT "events".* FROM "events" WHERE (('2013-02-24 05:00:00.000000' <= end_at) AND (start_at< '2013-04-07 04:00:00.000000')) ORDER BY start_at ASC[0m
  Rendered calendar/index.html.erb within layouts/application (25.1ms)
Completed 200 OK in 50ms (Views: 40.0ms | ActiveRecord: 0.4ms)


Started GET "/assets/application.js?body=1" for 127.0.0.1 at 2013-03-26 18:04:15 -0400
Served asset /application.js - 304 Not Modified (17ms)


Started GET "/assets/event_calendar.css" for 127.0.0.1 at 2013-03-26 18:04:15 -0400
Served asset /event_calendar.css - 404 Not Found (20ms)

ActionController::RoutingError (No route matches [GET] "/assets/event_calendar.css"):
  actionpack (3.2.11) lib/action_dispatch/middleware/debug_exceptions.rb:21:in `call'
  actionpack (3.2.11) lib/action_dispatch/middleware/show_exceptions.rb:56:in `call'
  railties (3.2.11) lib/rails/rack/logger.rb:32:in `call_app'
  railties (3.2.11) lib/rails/rack/logger.rb:16:in `block in call'
  activesupport (3.2.11) lib/active_support/tagged_logging.rb:22:in `tagged'
  railties (3.2.11) lib/rails/rack/logger.rb:16:in `call'
  actionpack (3.2.11) lib/action_dispatch/middleware/request_id.rb:22:in `call'
  rack (1.4.5) lib/rack/methodoverride.rb:21:in `call'
  rack (1.4.5) lib/rack/runtime.rb:17:in `call'
  activesupport (3.2.11) lib/active_support/cache/strategy/local_cache.rb:72:in `call'
  rack (1.4.5) lib/rack/lock.rb:15:in `call'
  actionpack (3.2.11) lib/action_dispatch/middleware/static.rb:62:in `call'
  railties (3.2.11) lib/rails/engine.rb:479:in `call'
  railties (3.2.11) lib/rails/application.rb:223:in `call'
  rack (1.4.5) lib/rack/content_length.rb:14:in `call'
  railties (3.2.11) lib/rails/rack/log_tailer.rb:17:in `call'
  rack (1.4.5) lib/rack/handler/webrick.rb:59:in `service'
  /home/cosc480/.rvm/rubies/ruby-1.9.3-p327/lib/ruby/1.9.1/webrick/httpserver.rb:138:in `service'
  /home/cosc480/.rvm/rubies/ruby-1.9.3-p327/lib/ruby/1.9.1/webrick/httpserver.rb:94:in `run'
  /home/cosc480/.rvm/rubies/ruby-1.9.3-p327/lib/ruby/1.9.1/webrick/server.rb:191:in `block in start_thread'


  Rendered /home/cosc480/.rvm/gems/ruby-1.9.3-p327/gems/actionpack-3.2.11/lib/action_dispatch/middleware/templates/rescues/routing_error.erb within rescues/layout (1.7ms)


Started GET "/calendar/2013/4" for 127.0.0.1 at 2013-03-26 18:04:18 -0400
Processing by CalendarController#index as HTML
  Parameters: {"year"=>"2013", "month"=>"4"}
  [1m[35mEvent Load (0.4ms)[0m  SELECT "events".* FROM "events" WHERE (('2013-03-31 04:00:00.000000' <= end_at) AND (start_at< '2013-05-05 04:00:00.000000')) ORDER BY start_at ASC
  Rendered calendar/index.html.erb within layouts/application (25.4ms)
Completed 200 OK in 46ms (Views: 42.3ms | ActiveRecord: 0.4ms)


Started GET "/assets/application.js?body=1" for 127.0.0.1 at 2013-03-26 18:04:18 -0400
Served asset /application.js - 304 Not Modified (23ms)


Started GET "/assets/event_calendar.css" for 127.0.0.1 at 2013-03-26 18:04:18 -0400
Served asset /event_calendar.css - 404 Not Found (18ms)

ActionController::RoutingError (No route matches [GET] "/assets/event_calendar.css"):
  actionpack (3.2.11) lib/action_dispatch/middleware/debug_exceptions.rb:21:in `call'
  actionpack (3.2.11) lib/action_dispatch/middleware/show_exceptions.rb:56:in `call'
  railties (3.2.11) lib/rails/rack/logger.rb:32:in `call_app'
  railties (3.2.11) lib/rails/rack/logger.rb:16:in `block in call'
  activesupport (3.2.11) lib/active_support/tagged_logging.rb:22:in `tagged'
  railties (3.2.11) lib/rails/rack/logger.rb:16:in `call'
  actionpack (3.2.11) lib/action_dispatch/middleware/request_id.rb:22:in `call'
  rack (1.4.5) lib/rack/methodoverride.rb:21:in `call'
  rack (1.4.5) lib/rack/runtime.rb:17:in `call'
  activesupport (3.2.11) lib/active_support/cache/strategy/local_cache.rb:72:in `call'
  rack (1.4.5) lib/rack/lock.rb:15:in `call'
  actionpack (3.2.11) lib/action_dispatch/middleware/static.rb:62:in `call'
  railties (3.2.11) lib/rails/engine.rb:479:in `call'
  railties (3.2.11) lib/rails/application.rb:223:in `call'
  rack (1.4.5) lib/rack/content_length.rb:14:in `call'
  railties (3.2.11) lib/rails/rack/log_tailer.rb:17:in `call'
  rack (1.4.5) lib/rack/handler/webrick.rb:59:in `service'
  /home/cosc480/.rvm/rubies/ruby-1.9.3-p327/lib/ruby/1.9.1/webrick/httpserver.rb:138:in `service'
  /home/cosc480/.rvm/rubies/ruby-1.9.3-p327/lib/ruby/1.9.1/webrick/httpserver.rb:94:in `run'
  /home/cosc480/.rvm/rubies/ruby-1.9.3-p327/lib/ruby/1.9.1/webrick/server.rb:191:in `block in start_thread'


  Rendered /home/cosc480/.rvm/gems/ruby-1.9.3-p327/gems/actionpack-3.2.11/lib/action_dispatch/middleware/templates/rescues/routing_error.erb within rescues/layout (1.7ms)


Started GET "/calendar_event" for 127.0.0.1 at 2013-03-26 18:04:24 -0400

ActionController::RoutingError (No route matches [GET] "/calendar_event"):
  actionpack (3.2.11) lib/action_dispatch/middleware/debug_exceptions.rb:21:in `call'
  actionpack (3.2.11) lib/action_dispatch/middleware/show_exceptions.rb:56:in `call'
  railties (3.2.11) lib/rails/rack/logger.rb:32:in `call_app'
  railties (3.2.11) lib/rails/rack/logger.rb:16:in `block in call'
  activesupport (3.2.11) lib/active_support/tagged_logging.rb:22:in `tagged'
  railties (3.2.11) lib/rails/rack/logger.rb:16:in `call'
  actionpack (3.2.11) lib/action_dispatch/middleware/request_id.rb:22:in `call'
  rack (1.4.5) lib/rack/methodoverride.rb:21:in `call'
  rack (1.4.5) lib/rack/runtime.rb:17:in `call'
  activesupport (3.2.11) lib/active_support/cache/strategy/local_cache.rb:72:in `call'
  rack (1.4.5) lib/rack/lock.rb:15:in `call'
  actionpack (3.2.11) lib/action_dispatch/middleware/static.rb:62:in `call'
  railties (3.2.11) lib/rails/engine.rb:479:in `call'
  railties (3.2.11) lib/rails/application.rb:223:in `call'
  rack (1.4.5) lib/rack/content_length.rb:14:in `call'
  railties (3.2.11) lib/rails/rack/log_tailer.rb:17:in `call'
  rack (1.4.5) lib/rack/handler/webrick.rb:59:in `service'
  /home/cosc480/.rvm/rubies/ruby-1.9.3-p327/lib/ruby/1.9.1/webrick/httpserver.rb:138:in `service'
  /home/cosc480/.rvm/rubies/ruby-1.9.3-p327/lib/ruby/1.9.1/webrick/httpserver.rb:94:in `run'
  /home/cosc480/.rvm/rubies/ruby-1.9.3-p327/lib/ruby/1.9.1/webrick/server.rb:191:in `block in start_thread'


  Rendered /home/cosc480/.rvm/gems/ruby-1.9.3-p327/gems/actionpack-3.2.11/lib/action_dispatch/middleware/templates/rescues/routing_error.erb within rescues/layout (2.1ms)


Started GET "/event_calendar" for 127.0.0.1 at 2013-03-26 18:04:37 -0400

ActionController::RoutingError (No route matches [GET] "/event_calendar"):
  actionpack (3.2.11) lib/action_dispatch/middleware/debug_exceptions.rb:21:in `call'
  actionpack (3.2.11) lib/action_dispatch/middleware/show_exceptions.rb:56:in `call'
  railties (3.2.11) lib/rails/rack/logger.rb:32:in `call_app'
  railties (3.2.11) lib/rails/rack/logger.rb:16:in `block in call'
  activesupport (3.2.11) lib/active_support/tagged_logging.rb:22:in `tagged'
  railties (3.2.11) lib/rails/rack/logger.rb:16:in `call'
  actionpack (3.2.11) lib/action_dispatch/middleware/request_id.rb:22:in `call'
  rack (1.4.5) lib/rack/methodoverride.rb:21:in `call'
  rack (1.4.5) lib/rack/runtime.rb:17:in `call'
  activesupport (3.2.11) lib/active_support/cache/strategy/local_cache.rb:72:in `call'
  rack (1.4.5) lib/rack/lock.rb:15:in `call'
  actionpack (3.2.11) lib/action_dispatch/middleware/static.rb:62:in `call'
  railties (3.2.11) lib/rails/engine.rb:479:in `call'
  railties (3.2.11) lib/rails/application.rb:223:in `call'
  rack (1.4.5) lib/rack/content_length.rb:14:in `call'
  railties (3.2.11) lib/rails/rack/log_tailer.rb:17:in `call'
  rack (1.4.5) lib/rack/handler/webrick.rb:59:in `service'
  /home/cosc480/.rvm/rubies/ruby-1.9.3-p327/lib/ruby/1.9.1/webrick/httpserver.rb:138:in `service'
  /home/cosc480/.rvm/rubies/ruby-1.9.3-p327/lib/ruby/1.9.1/webrick/httpserver.rb:94:in `run'
  /home/cosc480/.rvm/rubies/ruby-1.9.3-p327/lib/ruby/1.9.1/webrick/server.rb:191:in `block in start_thread'


  Rendered /home/cosc480/.rvm/gems/ruby-1.9.3-p327/gems/actionpack-3.2.11/lib/action_dispatch/middleware/templates/rescues/routing_error.erb within rescues/layout (9.6ms)


Started GET "/calendar" for 127.0.0.1 at 2013-03-26 18:06:43 -0400
Processing by CalendarController#index as HTML
  [1m[36mEvent Load (0.4ms)[0m  [1mSELECT "events".* FROM "events" WHERE (('2013-02-24 05:00:00.000000' <= end_at) AND (start_at< '2013-04-07 04:00:00.000000')) ORDER BY start_at ASC[0m
  Rendered calendar/index.html.erb within layouts/application (45.3ms)
Completed 200 OK in 81ms (Views: 72.6ms | ActiveRecord: 0.4ms)


Started GET "/assets/application.js?body=1" for 127.0.0.1 at 2013-03-26 18:06:43 -0400
Served asset /application.js - 304 Not Modified (10ms)


Started GET "/assets/event_calendar.css" for 127.0.0.1 at 2013-03-26 18:06:43 -0400
Served asset /event_calendar.css - 404 Not Found (13ms)

ActionController::RoutingError (No route matches [GET] "/assets/event_calendar.css"):
  actionpack (3.2.11) lib/action_dispatch/middleware/debug_exceptions.rb:21:in `call'
  actionpack (3.2.11) lib/action_dispatch/middleware/show_exceptions.rb:56:in `call'
  railties (3.2.11) lib/rails/rack/logger.rb:32:in `call_app'
  railties (3.2.11) lib/rails/rack/logger.rb:16:in `block in call'
  activesupport (3.2.11) lib/active_support/tagged_logging.rb:22:in `tagged'
  railties (3.2.11) lib/rails/rack/logger.rb:16:in `call'
  actionpack (3.2.11) lib/action_dispatch/middleware/request_id.rb:22:in `call'
  rack (1.4.5) lib/rack/methodoverride.rb:21:in `call'
  rack (1.4.5) lib/rack/runtime.rb:17:in `call'
  activesupport (3.2.11) lib/active_support/cache/strategy/local_cache.rb:72:in `call'
  rack (1.4.5) lib/rack/lock.rb:15:in `call'
  actionpack (3.2.11) lib/action_dispatch/middleware/static.rb:62:in `call'
  railties (3.2.11) lib/rails/engine.rb:479:in `call'
  railties (3.2.11) lib/rails/application.rb:223:in `call'
  rack (1.4.5) lib/rack/content_length.rb:14:in `call'
  railties (3.2.11) lib/rails/rack/log_tailer.rb:17:in `call'
  rack (1.4.5) lib/rack/handler/webrick.rb:59:in `service'
  /home/cosc480/.rvm/rubies/ruby-1.9.3-p327/lib/ruby/1.9.1/webrick/httpserver.rb:138:in `service'
  /home/cosc480/.rvm/rubies/ruby-1.9.3-p327/lib/ruby/1.9.1/webrick/httpserver.rb:94:in `run'
  /home/cosc480/.rvm/rubies/ruby-1.9.3-p327/lib/ruby/1.9.1/webrick/server.rb:191:in `block in start_thread'


  Rendered /home/cosc480/.rvm/gems/ruby-1.9.3-p327/gems/actionpack-3.2.11/lib/action_dispatch/middleware/templates/rescues/routing_error.erb within rescues/layout (1.3ms)


Started GET "/calendar" for 127.0.0.1 at 2013-03-26 18:06:47 -0400
Processing by CalendarController#index as HTML
  [1m[35mEvent Load (0.4ms)[0m  SELECT "events".* FROM "events" WHERE (('2013-02-24 05:00:00.000000' <= end_at) AND (start_at< '2013-04-07 04:00:00.000000')) ORDER BY start_at ASC
  Rendered calendar/index.html.erb within layouts/application (27.6ms)
Completed 200 OK in 47ms (Views: 43.6ms | ActiveRecord: 0.4ms)


Started GET "/assets/application.css?body=1" for 127.0.0.1 at 2013-03-26 18:06:47 -0400
Served asset /application.css - 304 Not Modified (16ms)


Started GET "/assets/jquery_ujs.js?body=1" for 127.0.0.1 at 2013-03-26 18:06:47 -0400
Served asset /jquery_ujs.js - 304 Not Modified (0ms)


Started GET "/assets/jquery.js?body=1" for 127.0.0.1 at 2013-03-26 18:06:47 -0400
Served asset /jquery.js - 304 Not Modified (23ms)


Started GET "/assets/application.js?body=1" for 127.0.0.1 at 2013-03-26 18:06:47 -0400
Served asset /application.js - 304 Not Modified (10ms)


Started GET "/assets/event_calendar.css" for 127.0.0.1 at 2013-03-26 18:06:47 -0400
Served asset /event_calendar.css - 404 Not Found (27ms)

ActionController::RoutingError (No route matches [GET] "/assets/event_calendar.css"):
  actionpack (3.2.11) lib/action_dispatch/middleware/debug_exceptions.rb:21:in `call'
  actionpack (3.2.11) lib/action_dispatch/middleware/show_exceptions.rb:56:in `call'
  railties (3.2.11) lib/rails/rack/logger.rb:32:in `call_app'
  railties (3.2.11) lib/rails/rack/logger.rb:16:in `block in call'
  activesupport (3.2.11) lib/active_support/tagged_logging.rb:22:in `tagged'
  railties (3.2.11) lib/rails/rack/logger.rb:16:in `call'
  actionpack (3.2.11) lib/action_dispatch/middleware/request_id.rb:22:in `call'
  rack (1.4.5) lib/rack/methodoverride.rb:21:in `call'
  rack (1.4.5) lib/rack/runtime.rb:17:in `call'
  activesupport (3.2.11) lib/active_support/cache/strategy/local_cache.rb:72:in `call'
  rack (1.4.5) lib/rack/lock.rb:15:in `call'
  actionpack (3.2.11) lib/action_dispatch/middleware/static.rb:62:in `call'
  railties (3.2.11) lib/rails/engine.rb:479:in `call'
  railties (3.2.11) lib/rails/application.rb:223:in `call'
  rack (1.4.5) lib/rack/content_length.rb:14:in `call'
  railties (3.2.11) lib/rails/rack/log_tailer.rb:17:in `call'
  rack (1.4.5) lib/rack/handler/webrick.rb:59:in `service'
  /home/cosc480/.rvm/rubies/ruby-1.9.3-p327/lib/ruby/1.9.1/webrick/httpserver.rb:138:in `service'
  /home/cosc480/.rvm/rubies/ruby-1.9.3-p327/lib/ruby/1.9.1/webrick/httpserver.rb:94:in `run'
  /home/cosc480/.rvm/rubies/ruby-1.9.3-p327/lib/ruby/1.9.1/webrick/server.rb:191:in `block in start_thread'


  Rendered /home/cosc480/.rvm/gems/ruby-1.9.3-p327/gems/actionpack-3.2.11/lib/action_dispatch/middleware/templates/rescues/routing_error.erb within rescues/layout (1.6ms)


Started GET "/calendar" for 127.0.0.1 at 2013-03-26 18:06:58 -0400
Processing by CalendarController#index as HTML
  [1m[36mEvent Load (0.3ms)[0m  [1mSELECT "events".* FROM "events" WHERE (('2013-02-24 05:00:00.000000' <= end_at) AND (start_at< '2013-04-07 04:00:00.000000')) ORDER BY start_at ASC[0m
  Rendered calendar/index.html.erb within layouts/application (27.4ms)
Completed 200 OK in 50ms (Views: 42.4ms | ActiveRecord: 0.3ms)


Started GET "/assets/application.css?body=1" for 127.0.0.1 at 2013-03-26 18:06:58 -0400
Served asset /application.css - 304 Not Modified (1ms)


Started GET "/assets/jquery.js?body=1" for 127.0.0.1 at 2013-03-26 18:06:58 -0400
Served asset /jquery.js - 304 Not Modified (6ms)


Started GET "/assets/jquery_ujs.js?body=1" for 127.0.0.1 at 2013-03-26 18:06:58 -0400
Served asset /jquery_ujs.js - 304 Not Modified (14ms)


Started GET "/assets/application.js?body=1" for 127.0.0.1 at 2013-03-26 18:06:58 -0400
Served asset /application.js - 304 Not Modified (10ms)


Started GET "/assets/event_calendar.css" for 127.0.0.1 at 2013-03-26 18:06:58 -0400
Served asset /event_calendar.css - 404 Not Found (34ms)

ActionController::RoutingError (No route matches [GET] "/assets/event_calendar.css"):
  actionpack (3.2.11) lib/action_dispatch/middleware/debug_exceptions.rb:21:in `call'
  actionpack (3.2.11) lib/action_dispatch/middleware/show_exceptions.rb:56:in `call'
  railties (3.2.11) lib/rails/rack/logger.rb:32:in `call_app'
  railties (3.2.11) lib/rails/rack/logger.rb:16:in `block in call'
  activesupport (3.2.11) lib/active_support/tagged_logging.rb:22:in `tagged'
  railties (3.2.11) lib/rails/rack/logger.rb:16:in `call'
  actionpack (3.2.11) lib/action_dispatch/middleware/request_id.rb:22:in `call'
  rack (1.4.5) lib/rack/methodoverride.rb:21:in `call'
  rack (1.4.5) lib/rack/runtime.rb:17:in `call'
  activesupport (3.2.11) lib/active_support/cache/strategy/local_cache.rb:72:in `call'
  rack (1.4.5) lib/rack/lock.rb:15:in `call'
  actionpack (3.2.11) lib/action_dispatch/middleware/static.rb:62:in `call'
  railties (3.2.11) lib/rails/engine.rb:479:in `call'
  railties (3.2.11) lib/rails/application.rb:223:in `call'
  rack (1.4.5) lib/rack/content_length.rb:14:in `call'
  railties (3.2.11) lib/rails/rack/log_tailer.rb:17:in `call'
  rack (1.4.5) lib/rack/handler/webrick.rb:59:in `service'
  /home/cosc480/.rvm/rubies/ruby-1.9.3-p327/lib/ruby/1.9.1/webrick/httpserver.rb:138:in `service'
  /home/cosc480/.rvm/rubies/ruby-1.9.3-p327/lib/ruby/1.9.1/webrick/httpserver.rb:94:in `run'
  /home/cosc480/.rvm/rubies/ruby-1.9.3-p327/lib/ruby/1.9.1/webrick/server.rb:191:in `block in start_thread'


  Rendered /home/cosc480/.rvm/gems/ruby-1.9.3-p327/gems/actionpack-3.2.11/lib/action_dispatch/middleware/templates/rescues/routing_error.erb within rescues/layout (5.7ms)


Started GET "/calendar" for 127.0.0.1 at 2013-03-26 18:07:01 -0400
Processing by CalendarController#index as HTML
  [1m[35mEvent Load (7.6ms)[0m  SELECT "events".* FROM "events" WHERE (('2013-02-24 05:00:00.000000' <= end_at) AND (start_at< '2013-04-07 04:00:00.000000')) ORDER BY start_at ASC
  Rendered calendar/index.html.erb within layouts/application (37.0ms)
Completed 200 OK in 57ms (Views: 46.2ms | ActiveRecord: 7.6ms)


Started GET "/assets/application.css?body=1" for 127.0.0.1 at 2013-03-26 18:07:01 -0400
Served asset /application.css - 304 Not Modified (24ms)


Started GET "/assets/jquery.js?body=1" for 127.0.0.1 at 2013-03-26 18:07:01 -0400
Served asset /jquery.js - 304 Not Modified (2ms)


Started GET "/assets/jquery_ujs.js?body=1" for 127.0.0.1 at 2013-03-26 18:07:01 -0400
Served asset /jquery_ujs.js - 304 Not Modified (18ms)


Started GET "/assets/application.js?body=1" for 127.0.0.1 at 2013-03-26 18:07:01 -0400
Served asset /application.js - 304 Not Modified (30ms)


Started GET "/assets/event_calendar.css" for 127.0.0.1 at 2013-03-26 18:07:01 -0400
Served asset /event_calendar.css - 404 Not Found (23ms)

ActionController::RoutingError (No route matches [GET] "/assets/event_calendar.css"):
  actionpack (3.2.11) lib/action_dispatch/middleware/debug_exceptions.rb:21:in `call'
  actionpack (3.2.11) lib/action_dispatch/middleware/show_exceptions.rb:56:in `call'
  railties (3.2.11) lib/rails/rack/logger.rb:32:in `call_app'
  railties (3.2.11) lib/rails/rack/logger.rb:16:in `block in call'
  activesupport (3.2.11) lib/active_support/tagged_logging.rb:22:in `tagged'
  railties (3.2.11) lib/rails/rack/logger.rb:16:in `call'
  actionpack (3.2.11) lib/action_dispatch/middleware/request_id.rb:22:in `call'
  rack (1.4.5) lib/rack/methodoverride.rb:21:in `call'
  rack (1.4.5) lib/rack/runtime.rb:17:in `call'
  activesupport (3.2.11) lib/active_support/cache/strategy/local_cache.rb:72:in `call'
  rack (1.4.5) lib/rack/lock.rb:15:in `call'
  actionpack (3.2.11) lib/action_dispatch/middleware/static.rb:62:in `call'
  railties (3.2.11) lib/rails/engine.rb:479:in `call'
  railties (3.2.11) lib/rails/application.rb:223:in `call'
  rack (1.4.5) lib/rack/content_length.rb:14:in `call'
  railties (3.2.11) lib/rails/rack/log_tailer.rb:17:in `call'
  rack (1.4.5) lib/rack/handler/webrick.rb:59:in `service'
  /home/cosc480/.rvm/rubies/ruby-1.9.3-p327/lib/ruby/1.9.1/webrick/httpserver.rb:138:in `service'
  /home/cosc480/.rvm/rubies/ruby-1.9.3-p327/lib/ruby/1.9.1/webrick/httpserver.rb:94:in `run'
  /home/cosc480/.rvm/rubies/ruby-1.9.3-p327/lib/ruby/1.9.1/webrick/server.rb:191:in `block in start_thread'


  Rendered /home/cosc480/.rvm/gems/ruby-1.9.3-p327/gems/actionpack-3.2.11/lib/action_dispatch/middleware/templates/rescues/routing_error.erb within rescues/layout (1.8ms)


Started GET "/calendar" for 127.0.0.1 at 2013-03-26 18:07:10 -0400
Processing by CalendarController#index as HTML
  [1m[36mEvent Load (0.5ms)[0m  [1mSELECT "events".* FROM "events" WHERE (('2013-02-24 05:00:00.000000' <= end_at) AND (start_at< '2013-04-07 04:00:00.000000')) ORDER BY start_at ASC[0m
  Rendered calendar/index.html.erb within layouts/application (27.0ms)
Completed 200 OK in 57ms (Views: 39.9ms | ActiveRecord: 0.5ms)


Started GET "/assets/application.css?body=1" for 127.0.0.1 at 2013-03-26 18:07:10 -0400
Served asset /application.css - 304 Not Modified (10ms)


Started GET "/assets/jquery.js?body=1" for 127.0.0.1 at 2013-03-26 18:07:10 -0400
Served asset /jquery.js - 304 Not Modified (5ms)


Started GET "/assets/jquery_ujs.js?body=1" for 127.0.0.1 at 2013-03-26 18:07:10 -0400
Served asset /jquery_ujs.js - 304 Not Modified (0ms)


Started GET "/assets/event_calendar.css" for 127.0.0.1 at 2013-03-26 18:07:10 -0400
Served asset /event_calendar.css - 404 Not Found (25ms)

ActionController::RoutingError (No route matches [GET] "/assets/event_calendar.css"):
  actionpack (3.2.11) lib/action_dispatch/middleware/debug_exceptions.rb:21:in `call'
  actionpack (3.2.11) lib/action_dispatch/middleware/show_exceptions.rb:56:in `call'
  railties (3.2.11) lib/rails/rack/logger.rb:32:in `call_app'
  railties (3.2.11) lib/rails/rack/logger.rb:16:in `block in call'
  activesupport (3.2.11) lib/active_support/tagged_logging.rb:22:in `tagged'
  railties (3.2.11) lib/rails/rack/logger.rb:16:in `call'
  actionpack (3.2.11) lib/action_dispatch/middleware/request_id.rb:22:in `call'
  rack (1.4.5) lib/rack/methodoverride.rb:21:in `call'
  rack (1.4.5) lib/rack/runtime.rb:17:in `call'
  activesupport (3.2.11) lib/active_support/cache/strategy/local_cache.rb:72:in `call'
  rack (1.4.5) lib/rack/lock.rb:15:in `call'
  actionpack (3.2.11) lib/action_dispatch/middleware/static.rb:62:in `call'
  railties (3.2.11) lib/rails/engine.rb:479:in `call'
  railties (3.2.11) lib/rails/application.rb:223:in `call'
  rack (1.4.5) lib/rack/content_length.rb:14:in `call'
  railties (3.2.11) lib/rails/rack/log_tailer.rb:17:in `call'
  rack (1.4.5) lib/rack/handler/webrick.rb:59:in `service'
  /home/cosc480/.rvm/rubies/ruby-1.9.3-p327/lib/ruby/1.9.1/webrick/httpserver.rb:138:in `service'
  /home/cosc480/.rvm/rubies/ruby-1.9.3-p327/lib/ruby/1.9.1/webrick/httpserver.rb:94:in `run'
  /home/cosc480/.rvm/rubies/ruby-1.9.3-p327/lib/ruby/1.9.1/webrick/server.rb:191:in `block in start_thread'


  Rendered /home/cosc480/.rvm/gems/ruby-1.9.3-p327/gems/actionpack-3.2.11/lib/action_dispatch/middleware/templates/rescues/routing_error.erb within rescues/layout (1.8ms)


Started GET "/assets/application.js?body=1" for 127.0.0.1 at 2013-03-26 18:07:10 -0400
Served asset /application.js - 304 Not Modified (4ms)


Started GET "/calendar" for 127.0.0.1 at 2013-03-26 18:15:25 -0400
Processing by CalendarController#index as HTML
  [1m[35mEvent Load (0.4ms)[0m  SELECT "events".* FROM "events" WHERE (('2013-02-24 05:00:00.000000' <= end_at) AND (start_at< '2013-04-07 04:00:00.000000')) ORDER BY start_at ASC
Compiled event_calendar.css  (0ms)  (pid 3507)
  Rendered calendar/index.html.erb within layouts/application (53.6ms)
Compiled application.css  (7ms)  (pid 3507)
Compiled event_calendar.js  (0ms)  (pid 3507)
Compiled application.js  (28ms)  (pid 3507)
Completed 200 OK in 274ms (Views: 268.8ms | ActiveRecord: 0.4ms)


Started GET "/assets/application.css?body=1" for 127.0.0.1 at 2013-03-26 18:15:26 -0400
Served asset /application.css - 304 Not Modified (36ms)


Started GET "/assets/event_calendar.css?body=1" for 127.0.0.1 at 2013-03-26 18:15:26 -0400
Served asset /event_calendar.css - 200 OK (11ms)


Started GET "/assets/jquery.js?body=1" for 127.0.0.1 at 2013-03-26 18:15:26 -0400
Served asset /jquery.js - 304 Not Modified (9ms)


Started GET "/assets/jquery_ujs.js?body=1" for 127.0.0.1 at 2013-03-26 18:15:26 -0400
Served asset /jquery_ujs.js - 304 Not Modified (2ms)


Started GET "/assets/event_calendar.js?body=1" for 127.0.0.1 at 2013-03-26 18:15:26 -0400
Served asset /event_calendar.js - 200 OK (25ms)


Started GET "/assets/application.js?body=1" for 127.0.0.1 at 2013-03-26 18:15:26 -0400
Served asset /application.js - 304 Not Modified (55ms)


Started GET "/calendar" for 127.0.0.1 at 2013-03-26 18:15:44 -0400
Processing by CalendarController#index as HTML
  [1m[36mEvent Load (0.4ms)[0m  [1mSELECT "events".* FROM "events" WHERE (('2013-02-24 05:00:00.000000' <= end_at) AND (start_at< '2013-04-07 04:00:00.000000')) ORDER BY start_at ASC[0m
Completed 500 Internal Server Error in 86ms

ActionView::MissingTemplate (Missing template calendar/index, application/index with {:locale=>[:en], :formats=>[:html], :handlers=>[:erb, :builder, :coffee]}. Searched in:
  * "/home/cosc480/SOMACapp/Scheduler/app/views"
):
  actionpack (3.2.11) lib/action_view/path_set.rb:58:in `find'
  actionpack (3.2.11) lib/action_view/lookup_context.rb:109:in `find'
  actionpack (3.2.11) lib/action_view/renderer/abstract_renderer.rb:3:in `find_template'
  actionpack (3.2.11) lib/action_view/renderer/template_renderer.rb:34:in `determine_template'
  actionpack (3.2.11) lib/action_view/renderer/template_renderer.rb:10:in `render'
  actionpack (3.2.11) lib/action_view/renderer/renderer.rb:36:in `render_template'
  actionpack (3.2.11) lib/action_view/renderer/renderer.rb:17:in `render'
  actionpack (3.2.11) lib/abstract_controller/rendering.rb:110:in `_render_template'
  actionpack (3.2.11) lib/action_controller/metal/streaming.rb:225:in `_render_template'
  actionpack (3.2.11) lib/abstract_controller/rendering.rb:103:in `render_to_body'
  actionpack (3.2.11) lib/action_controller/metal/renderers.rb:28:in `render_to_body'
  actionpack (3.2.11) lib/action_controller/metal/compatibility.rb:50:in `render_to_body'
  actionpack (3.2.11) lib/abstract_controller/rendering.rb:88:in `render'
  actionpack (3.2.11) lib/action_controller/metal/rendering.rb:16:in `render'
  actionpack (3.2.11) lib/action_controller/metal/instrumentation.rb:40:in `block (2 levels) in render'
  activesupport (3.2.11) lib/active_support/core_ext/benchmark.rb:5:in `block in ms'
  /home/cosc480/.rvm/rubies/ruby-1.9.3-p327/lib/ruby/1.9.1/benchmark.rb:295:in `realtime'
  activesupport (3.2.11) lib/active_support/core_ext/benchmark.rb:5:in `ms'
  actionpack (3.2.11) lib/action_controller/metal/instrumentation.rb:40:in `block in render'
  actionpack (3.2.11) lib/action_controller/metal/instrumentation.rb:83:in `cleanup_view_runtime'
  activerecord (3.2.11) lib/active_record/railties/controller_runtime.rb:24:in `cleanup_view_runtime'
  actionpack (3.2.11) lib/action_controller/metal/instrumentation.rb:39:in `render'
  actionpack (3.2.11) lib/action_controller/metal/implicit_render.rb:10:in `default_render'
  actionpack (3.2.11) lib/action_controller/metal/implicit_render.rb:5:in `send_action'
  actionpack (3.2.11) lib/abstract_controller/base.rb:167:in `process_action'
  actionpack (3.2.11) lib/action_controller/metal/rendering.rb:10:in `process_action'
  actionpack (3.2.11) lib/abstract_controller/callbacks.rb:18:in `block in process_action'
  activesupport (3.2.11) lib/active_support/callbacks.rb:414:in `_run__998979785__process_action__83135373__callbacks'
  activesupport (3.2.11) lib/active_support/callbacks.rb:405:in `__run_callback'
  activesupport (3.2.11) lib/active_support/callbacks.rb:385:in `_run_process_action_callbacks'
  activesupport (3.2.11) lib/active_support/callbacks.rb:81:in `run_callbacks'
  actionpack (3.2.11) lib/abstract_controller/callbacks.rb:17:in `process_action'
  actionpack (3.2.11) lib/action_controller/metal/rescue.rb:29:in `process_action'
  actionpack (3.2.11) lib/action_controller/metal/instrumentation.rb:30:in `block in process_action'
  activesupport (3.2.11) lib/active_support/notifications.rb:123:in `block in instrument'
  activesupport (3.2.11) lib/active_support/notifications/instrumenter.rb:20:in `instrument'
  activesupport (3.2.11) lib/active_support/notifications.rb:123:in `instrument'
  actionpack (3.2.11) lib/action_controller/metal/instrumentation.rb:29:in `process_action'
  actionpack (3.2.11) lib/action_controller/metal/params_wrapper.rb:207:in `process_action'
  activerecord (3.2.11) lib/active_record/railties/controller_runtime.rb:18:in `process_action'
  actionpack (3.2.11) lib/abstract_controller/base.rb:121:in `process'
  actionpack (3.2.11) lib/abstract_controller/rendering.rb:45:in `process'
  actionpack (3.2.11) lib/action_controller/metal.rb:203:in `dispatch'
  actionpack (3.2.11) lib/action_controller/metal/rack_delegation.rb:14:in `dispatch'
  actionpack (3.2.11) lib/action_controller/metal.rb:246:in `block in action'
  actionpack (3.2.11) lib/action_dispatch/routing/route_set.rb:73:in `call'
  actionpack (3.2.11) lib/action_dispatch/routing/route_set.rb:73:in `dispatch'
  actionpack (3.2.11) lib/action_dispatch/routing/route_set.rb:36:in `call'
  journey (1.0.4) lib/journey/router.rb:68:in `block in call'
  journey (1.0.4) lib/journey/router.rb:56:in `each'
  journey (1.0.4) lib/journey/router.rb:56:in `call'
  actionpack (3.2.11) lib/action_dispatch/routing/route_set.rb:601:in `call'
  actionpack (3.2.11) lib/action_dispatch/middleware/best_standards_support.rb:17:in `call'
  rack (1.4.5) lib/rack/etag.rb:23:in `call'
  rack (1.4.5) lib/rack/conditionalget.rb:25:in `call'
  actionpack (3.2.11) lib/action_dispatch/middleware/head.rb:14:in `call'
  actionpack (3.2.11) lib/action_dispatch/middleware/params_parser.rb:21:in `call'
  actionpack (3.2.11) lib/action_dispatch/middleware/flash.rb:242:in `call'
  rack (1.4.5) lib/rack/session/abstract/id.rb:210:in `context'
  rack (1.4.5) lib/rack/session/abstract/id.rb:205:in `call'
  actionpack (3.2.11) lib/action_dispatch/middleware/cookies.rb:341:in `call'
  activerecord (3.2.11) lib/active_record/query_cache.rb:64:in `call'
  activerecord (3.2.11) lib/active_record/connection_adapters/abstract/connection_pool.rb:479:in `call'
  actionpack (3.2.11) lib/action_dispatch/middleware/callbacks.rb:28:in `block in call'
  activesupport (3.2.11) lib/active_support/callbacks.rb:405:in `_run__849677886__call__397720912__callbacks'
  activesupport (3.2.11) lib/active_support/callbacks.rb:405:in `__run_callback'
  activesupport (3.2.11) lib/active_support/callbacks.rb:385:in `_run_call_callbacks'
  activesupport (3.2.11) lib/active_support/callbacks.rb:81:in `run_callbacks'
  actionpack (3.2.11) lib/action_dispatch/middleware/callbacks.rb:27:in `call'
  actionpack (3.2.11) lib/action_dispatch/middleware/reloader.rb:65:in `call'
  actionpack (3.2.11) lib/action_dispatch/middleware/remote_ip.rb:31:in `call'
  actionpack (3.2.11) lib/action_dispatch/middleware/debug_exceptions.rb:16:in `call'
  actionpack (3.2.11) lib/action_dispatch/middleware/show_exceptions.rb:56:in `call'
  railties (3.2.11) lib/rails/rack/logger.rb:32:in `call_app'
  railties (3.2.11) lib/rails/rack/logger.rb:16:in `block in call'
  activesupport (3.2.11) lib/active_support/tagged_logging.rb:22:in `tagged'
  railties (3.2.11) lib/rails/rack/logger.rb:16:in `call'
  actionpack (3.2.11) lib/action_dispatch/middleware/request_id.rb:22:in `call'
  rack (1.4.5) lib/rack/methodoverride.rb:21:in `call'
  rack (1.4.5) lib/rack/runtime.rb:17:in `call'
  activesupport (3.2.11) lib/active_support/cache/strategy/local_cache.rb:72:in `call'
  rack (1.4.5) lib/rack/lock.rb:15:in `call'
  actionpack (3.2.11) lib/action_dispatch/middleware/static.rb:62:in `call'
  railties (3.2.11) lib/rails/engine.rb:479:in `call'
  railties (3.2.11) lib/rails/application.rb:223:in `call'
  rack (1.4.5) lib/rack/content_length.rb:14:in `call'
  railties (3.2.11) lib/rails/rack/log_tailer.rb:17:in `call'
  rack (1.4.5) lib/rack/handler/webrick.rb:59:in `service'
  /home/cosc480/.rvm/rubies/ruby-1.9.3-p327/lib/ruby/1.9.1/webrick/httpserver.rb:138:in `service'
  /home/cosc480/.rvm/rubies/ruby-1.9.3-p327/lib/ruby/1.9.1/webrick/httpserver.rb:94:in `run'
  /home/cosc480/.rvm/rubies/ruby-1.9.3-p327/lib/ruby/1.9.1/webrick/server.rb:191:in `block in start_thread'


  Rendered /home/cosc480/.rvm/gems/ruby-1.9.3-p327/gems/actionpack-3.2.11/lib/action_dispatch/middleware/templates/rescues/missing_template.erb within rescues/layout (1.2ms)


Started GET "/calendar" for 127.0.0.1 at 2013-03-26 18:15:57 -0400
Processing by CalendarController#index as HTML
  [1m[35mEvent Load (0.5ms)[0m  SELECT "events".* FROM "events" WHERE (('2013-02-24 05:00:00.000000' <= end_at) AND (start_at< '2013-04-07 04:00:00.000000')) ORDER BY start_at ASC
  Rendered calendar/index.html.erb within layouts/application (31.5ms)
Completed 200 OK in 121ms (Views: 111.3ms | ActiveRecord: 0.5ms)


Started GET "/assets/application.css?body=1" for 127.0.0.1 at 2013-03-26 18:15:57 -0400
Served asset /application.css - 304 Not Modified (1ms)


Started GET "/assets/event_calendar.css?body=1" for 127.0.0.1 at 2013-03-26 18:15:57 -0400
Served asset /event_calendar.css - 304 Not Modified (0ms)


Started GET "/assets/jquery.js?body=1" for 127.0.0.1 at 2013-03-26 18:15:57 -0400
Served asset /jquery.js - 304 Not Modified (36ms)


Started GET "/assets/jquery_ujs.js?body=1" for 127.0.0.1 at 2013-03-26 18:15:57 -0400
Served asset /jquery_ujs.js - 304 Not Modified (7ms)


Started GET "/assets/event_calendar.js?body=1" for 127.0.0.1 at 2013-03-26 18:15:57 -0400
Served asset /event_calendar.js - 304 Not Modified (0ms)


Started GET "/assets/application.js?body=1" for 127.0.0.1 at 2013-03-26 18:15:57 -0400
Served asset /application.js - 304 Not Modified (6ms)


Started GET "/calendar/2013/4" for 127.0.0.1 at 2013-03-26 18:16:04 -0400
Processing by CalendarController#index as HTML
  Parameters: {"year"=>"2013", "month"=>"4"}
  [1m[36mEvent Load (0.5ms)[0m  [1mSELECT "events".* FROM "events" WHERE (('2013-03-31 04:00:00.000000' <= end_at) AND (start_at< '2013-05-05 04:00:00.000000')) ORDER BY start_at ASC[0m
  Rendered calendar/index.html.erb within layouts/application (14.7ms)
Completed 200 OK in 43ms (Views: 30.4ms | ActiveRecord: 0.5ms)


Started GET "/assets/application.css?body=1" for 127.0.0.1 at 2013-03-26 18:16:04 -0400
Served asset /application.css - 304 Not Modified (6ms)


Started GET "/assets/event_calendar.css?body=1" for 127.0.0.1 at 2013-03-26 18:16:04 -0400
Served asset /event_calendar.css - 304 Not Modified (0ms)


Started GET "/assets/jquery.js?body=1" for 127.0.0.1 at 2013-03-26 18:16:04 -0400
Served asset /jquery.js - 304 Not Modified (51ms)


Started GET "/assets/jquery_ujs.js?body=1" for 127.0.0.1 at 2013-03-26 18:16:04 -0400
Served asset /jquery_ujs.js - 304 Not Modified (6ms)


Started GET "/assets/event_calendar.js?body=1" for 127.0.0.1 at 2013-03-26 18:16:04 -0400
Served asset /event_calendar.js - 304 Not Modified (0ms)


Started GET "/assets/application.js?body=1" for 127.0.0.1 at 2013-03-26 18:16:04 -0400
Served asset /application.js - 304 Not Modified (9ms)


Started GET "/calendar/2013/3" for 127.0.0.1 at 2013-03-26 18:16:06 -0400
Processing by CalendarController#index as HTML
  Parameters: {"year"=>"2013", "month"=>"3"}
  [1m[35mEvent Load (10.0ms)[0m  SELECT "events".* FROM "events" WHERE (('2013-02-24 05:00:00.000000' <= end_at) AND (start_at< '2013-04-07 04:00:00.000000')) ORDER BY start_at ASC
  Rendered calendar/index.html.erb within layouts/application (6.7ms)
Completed 200 OK in 32ms (Views: 19.7ms | ActiveRecord: 10.0ms)


Started GET "/assets/application.css?body=1" for 127.0.0.1 at 2013-03-26 18:16:06 -0400
Served asset /application.css - 304 Not Modified (19ms)


Started GET "/assets/event_calendar.css?body=1" for 127.0.0.1 at 2013-03-26 18:16:06 -0400
Served asset /event_calendar.css - 304 Not Modified (0ms)


Started GET "/assets/jquery.js?body=1" for 127.0.0.1 at 2013-03-26 18:16:06 -0400
Served asset /jquery.js - 304 Not Modified (2ms)


Started GET "/assets/jquery_ujs.js?body=1" for 127.0.0.1 at 2013-03-26 18:16:06 -0400
Served asset /jquery_ujs.js - 304 Not Modified (3ms)


Started GET "/assets/event_calendar.js?body=1" for 127.0.0.1 at 2013-03-26 18:16:06 -0400
Served asset /event_calendar.js - 304 Not Modified (0ms)


Started GET "/assets/application.js?body=1" for 127.0.0.1 at 2013-03-26 18:16:06 -0400
Served asset /application.js - 304 Not Modified (11ms)


Started GET "/calendar/2013/3" for 127.0.0.1 at 2013-03-26 18:16:45 -0400
Processing by CalendarController#index as HTML
  Parameters: {"year"=>"2013", "month"=>"3"}
  [1m[36mEvent Load (0.5ms)[0m  [1mSELECT "events".* FROM "events" WHERE (('2013-02-24 05:00:00.000000' <= end_at) AND (start_at< '2013-04-07 04:00:00.000000')) ORDER BY start_at ASC[0m
  Rendered calendar/index.html.erb within layouts/application (16.1ms)
Completed 200 OK in 51ms (Views: 48.6ms | ActiveRecord: 0.5ms)


Started GET "/assets/application.css?body=1" for 127.0.0.1 at 2013-03-26 18:16:45 -0400
Served asset /application.css - 304 Not Modified (19ms)


Started GET "/assets/event_calendar.css?body=1" for 127.0.0.1 at 2013-03-26 18:16:45 -0400
Served asset /event_calendar.css - 304 Not Modified (0ms)


Started GET "/assets/jquery.js?body=1" for 127.0.0.1 at 2013-03-26 18:16:45 -0400
Served asset /jquery.js - 304 Not Modified (10ms)


Started GET "/assets/jquery_ujs.js?body=1" for 127.0.0.1 at 2013-03-26 18:16:45 -0400
Served asset /jquery_ujs.js - 304 Not Modified (0ms)


Started GET "/assets/event_calendar.js?body=1" for 127.0.0.1 at 2013-03-26 18:16:45 -0400
Served asset /event_calendar.js - 304 Not Modified (0ms)


Started GET "/assets/application.js?body=1" for 127.0.0.1 at 2013-03-26 18:16:45 -0400
Served asset /application.js - 304 Not Modified (6ms)


Started GET "/calendar/2013/4" for 127.0.0.1 at 2013-03-26 18:17:13 -0400
Processing by CalendarController#index as HTML
  Parameters: {"year"=>"2013", "month"=>"4"}
  [1m[35mEvent Load (0.4ms)[0m  SELECT "events".* FROM "events" WHERE (('2013-03-31 04:00:00.000000' <= end_at) AND (start_at< '2013-05-05 04:00:00.000000')) ORDER BY start_at ASC
  Rendered calendar/index.html.erb within layouts/application (8.1ms)
Completed 200 OK in 32ms (Views: 29.0ms | ActiveRecord: 0.4ms)


Started GET "/assets/application.css?body=1" for 127.0.0.1 at 2013-03-26 18:17:13 -0400
Served asset /application.css - 304 Not Modified (1ms)


Started GET "/assets/event_calendar.css?body=1" for 127.0.0.1 at 2013-03-26 18:17:13 -0400
Served asset /event_calendar.css - 304 Not Modified (0ms)


Started GET "/assets/jquery.js?body=1" for 127.0.0.1 at 2013-03-26 18:17:13 -0400
Served asset /jquery.js - 304 Not Modified (44ms)


Started GET "/assets/jquery_ujs.js?body=1" for 127.0.0.1 at 2013-03-26 18:17:13 -0400
Served asset /jquery_ujs.js - 304 Not Modified (4ms)


Started GET "/assets/event_calendar.js?body=1" for 127.0.0.1 at 2013-03-26 18:17:13 -0400
Served asset /event_calendar.js - 304 Not Modified (0ms)


Started GET "/assets/application.js?body=1" for 127.0.0.1 at 2013-03-26 18:17:13 -0400
Served asset /application.js - 304 Not Modified (18ms)


Started GET "/calendar/2013/3" for 127.0.0.1 at 2013-03-26 18:17:17 -0400
Processing by CalendarController#index as HTML
  Parameters: {"year"=>"2013", "month"=>"3"}
  [1m[36mEvent Load (0.4ms)[0m  [1mSELECT "events".* FROM "events" WHERE (('2013-02-24 05:00:00.000000' <= end_at) AND (start_at< '2013-04-07 04:00:00.000000')) ORDER BY start_at ASC[0m
  Rendered calendar/index.html.erb within layouts/application (6.7ms)
Completed 200 OK in 27ms (Views: 22.1ms | ActiveRecord: 0.4ms)


Started GET "/assets/application.css?body=1" for 127.0.0.1 at 2013-03-26 18:17:17 -0400
Served asset /application.css - 304 Not Modified (14ms)


Started GET "/assets/event_calendar.css?body=1" for 127.0.0.1 at 2013-03-26 18:17:17 -0400
Served asset /event_calendar.css - 304 Not Modified (0ms)


Started GET "/assets/jquery.js?body=1" for 127.0.0.1 at 2013-03-26 18:17:17 -0400
Served asset /jquery.js - 304 Not Modified (2ms)


Started GET "/assets/jquery_ujs.js?body=1" for 127.0.0.1 at 2013-03-26 18:17:17 -0400
Served asset /jquery_ujs.js - 304 Not Modified (0ms)


Started GET "/assets/event_calendar.js?body=1" for 127.0.0.1 at 2013-03-26 18:17:17 -0400
Served asset /event_calendar.js - 304 Not Modified (0ms)


Started GET "/assets/application.js?body=1" for 127.0.0.1 at 2013-03-26 18:17:17 -0400
Served asset /application.js - 304 Not Modified (12ms)
Connecting to database specified by database.yml


Started GET "/assets/rails.png" for 127.0.0.1 at 2013-03-26 18:33:12 -0400
Served asset /rails.png - 200 OK (62ms)


Started GET "/calendar" for 127.0.0.1 at 2013-03-26 18:33:31 -0400
Processing by CalendarController#index as HTML
  [1m[36mEvent Load (0.3ms)[0m  [1mSELECT "events".* FROM "events" WHERE (('2013-02-24 05:00:00.000000' <= end_at) AND (start_at< '2013-04-07 04:00:00.000000')) ORDER BY start_at ASC[0m
  Rendered calendar/index.html.erb within layouts/application (50.0ms)
Completed 200 OK in 432ms (Views: 183.0ms | ActiveRecord: 12.4ms)


Started GET "/assets/application.css?body=1" for 127.0.0.1 at 2013-03-26 18:33:32 -0400
Served asset /application.css - 304 Not Modified (12ms)


Started GET "/assets/event_calendar.css?body=1" for 127.0.0.1 at 2013-03-26 18:33:32 -0400
Served asset /event_calendar.css - 304 Not Modified (60ms)


Started GET "/assets/jquery.js?body=1" for 127.0.0.1 at 2013-03-26 18:33:32 -0400
Served asset /jquery.js - 304 Not Modified (29ms)


Started GET "/assets/jquery_ujs.js?body=1" for 127.0.0.1 at 2013-03-26 18:33:32 -0400
Served asset /jquery_ujs.js - 304 Not Modified (131ms)


Started GET "/assets/event_calendar.js?body=1" for 127.0.0.1 at 2013-03-26 18:33:32 -0400
Served asset /event_calendar.js - 304 Not Modified (12ms)


Started GET "/assets/application.js?body=1" for 127.0.0.1 at 2013-03-26 18:33:32 -0400
Served asset /application.js - 304 Not Modified (43ms)
Connecting to database specified by database.yml
  [1m[36m (18.2ms)[0m  [1mSELECT "schema_migrations"."version" FROM "schema_migrations" [0m
  [1m[35m (0.6ms)[0m  select sqlite_version(*)
  [1m[36m (29.4ms)[0m  [1mCREATE TABLE "events" ("id" INTEGER PRIMARY KEY AUTOINCREMENT NOT NULL, "name" varchar(255), "start_at" datetime, "end_at" datetime, "created_at" datetime NOT NULL, "updated_at" datetime NOT NULL) [0m
  [1m[35m (33.3ms)[0m  CREATE TABLE "schema_migrations" ("version" varchar(255) NOT NULL) 
  [1m[36m (12.3ms)[0m  [1mCREATE UNIQUE INDEX "unique_schema_migrations" ON "schema_migrations" ("version")[0m
  [1m[35m (0.2ms)[0m  SELECT version FROM "schema_migrations"
  [1m[36m (12.0ms)[0m  [1mINSERT INTO "schema_migrations" (version) VALUES ('20130326213750')[0m
Connecting to database specified by database.yml
  [1m[36m (4.5ms)[0m  [1mSELECT "schema_migrations"."version" FROM "schema_migrations" [0m
Migrating to CreateEvents (20130326213750)
  [1m[35m (0.2ms)[0m  select sqlite_version(*)
  [1m[36m (0.3ms)[0m  [1mSELECT "schema_migrations"."version" FROM "schema_migrations" [0m
Connecting to database specified by database.yml
  [1m[36m (4.2ms)[0m  [1mSELECT "schema_migrations"."version" FROM "schema_migrations" [0m
  [1m[35m (0.5ms)[0m  select sqlite_version(*)
  [1m[36m (24.9ms)[0m  [1mCREATE TABLE "events" ("id" INTEGER PRIMARY KEY AUTOINCREMENT NOT NULL, "name" varchar(255), "start_at" datetime, "end_at" datetime, "created_at" datetime NOT NULL, "updated_at" datetime NOT NULL) [0m
  [1m[35m (34.4ms)[0m  CREATE TABLE "schema_migrations" ("version" varchar(255) NOT NULL) 
  [1m[36m (11.6ms)[0m  [1mCREATE UNIQUE INDEX "unique_schema_migrations" ON "schema_migrations" ("version")[0m
  [1m[35m (0.2ms)[0m  SELECT version FROM "schema_migrations"
  [1m[36m (12.1ms)[0m  [1mINSERT INTO "schema_migrations" (version) VALUES ('20130326213750')[0m
Connecting to database specified by database.yml
  [1m[36m (5.8ms)[0m  [1mSELECT "schema_migrations"."version" FROM "schema_migrations" [0m
  [1m[35m (0.7ms)[0m  select sqlite_version(*)
  [1m[36m (38.0ms)[0m  [1mCREATE TABLE "events" ("id" INTEGER PRIMARY KEY AUTOINCREMENT NOT NULL, "name" varchar(255), "start_at" datetime, "end_at" datetime, "created_at" datetime NOT NULL, "updated_at" datetime NOT NULL) [0m
  [1m[35m (11.4ms)[0m  CREATE TABLE "schema_migrations" ("version" varchar(255) NOT NULL) 
  [1m[36m (12.8ms)[0m  [1mCREATE UNIQUE INDEX "unique_schema_migrations" ON "schema_migrations" ("version")[0m
  [1m[35m (0.2ms)[0m  SELECT version FROM "schema_migrations"
  [1m[36m (11.6ms)[0m  [1mINSERT INTO "schema_migrations" (version) VALUES ('20130326213750')[0m
Connecting to database specified by database.yml


Started GET "/calendar" for 127.0.0.1 at 2013-03-31 21:26:18 -0400
Processing by CalendarController#index as HTML
  [1m[36mEvent Load (0.3ms)[0m  [1mSELECT "events".* FROM "events" WHERE (('2013-03-31 04:00:00.000000' <= end_at) AND (start_at< '2013-05-05 04:00:00.000000')) ORDER BY start_at ASC[0m
  Rendered calendar/index.html.erb within layouts/application (156.4ms)
Completed 200 OK in 763ms (Views: 473.0ms | ActiveRecord: 6.4ms)


Started GET "/assets/application.css?body=1" for 127.0.0.1 at 2013-03-31 21:26:20 -0400
Served asset /application.css - 304 Not Modified (73ms)


Started GET "/assets/jquery.js?body=1" for 127.0.0.1 at 2013-03-31 21:26:20 -0400
Served asset /jquery.js - 304 Not Modified (17ms)


Started GET "/assets/application.js?body=1" for 127.0.0.1 at 2013-03-31 21:26:20 -0400
Served asset /application.js - 304 Not Modified (56ms)


Started GET "/assets/event_calendar.css?body=1" for 127.0.0.1 at 2013-03-31 21:26:20 -0400
Served asset /event_calendar.css - 304 Not Modified (13ms)


Started GET "/assets/event_calendar.js?body=1" for 127.0.0.1 at 2013-03-31 21:26:20 -0400
Served asset /event_calendar.js - 304 Not Modified (18ms)


Started GET "/assets/jquery_ujs.js?body=1" for 127.0.0.1 at 2013-03-31 21:26:20 -0400
Served asset /jquery_ujs.js - 304 Not Modified (23ms)


Started GET "/assets/rails.png" for 127.0.0.1 at 2013-03-31 21:26:41 -0400
Served asset /rails.png - 304 Not Modified (42ms)
Connecting to database specified by database.yml


Started GET "/calendar" for 127.0.0.1 at 2013-03-31 21:42:53 -0400
Processing by CalendarController#index as HTML
  [1m[36mEvent Load (0.3ms)[0m  [1mSELECT "events".* FROM "events" WHERE (('2013-03-31 04:00:00.000000' <= end_at) AND (start_at< '2013-05-05 04:00:00.000000')) ORDER BY start_at ASC[0m
  Rendered calendar/index.html.erb within layouts/application (46.7ms)
Completed 200 OK in 473ms (Views: 230.3ms | ActiveRecord: 8.9ms)


Started GET "/assets/application.css?body=1" for 127.0.0.1 at 2013-03-31 21:42:54 -0400
Served asset /application.css - 304 Not Modified (21ms)


Started GET "/assets/event_calendar.css?body=1" for 127.0.0.1 at 2013-03-31 21:42:54 -0400
Served asset /event_calendar.css - 304 Not Modified (13ms)


Started GET "/assets/jquery.js?body=1" for 127.0.0.1 at 2013-03-31 21:42:54 -0400
Served asset /jquery.js - 304 Not Modified (28ms)


Started GET "/assets/jquery_ujs.js?body=1" for 127.0.0.1 at 2013-03-31 21:42:54 -0400
Served asset /jquery_ujs.js - 304 Not Modified (30ms)


Started GET "/assets/application.js?body=1" for 127.0.0.1 at 2013-03-31 21:42:55 -0400
Served asset /application.js - 304 Not Modified (55ms)


Started GET "/assets/event_calendar.js?body=1" for 127.0.0.1 at 2013-03-31 21:42:55 -0400
Served asset /event_calendar.js - 304 Not Modified (21ms)


Started GET "/login" for 127.0.0.1 at 2013-03-31 21:42:58 -0400

ActionController::RoutingError (No route matches [GET] "/login"):
  actionpack (3.2.11) lib/action_dispatch/middleware/debug_exceptions.rb:21:in `call'
  actionpack (3.2.11) lib/action_dispatch/middleware/show_exceptions.rb:56:in `call'
  railties (3.2.11) lib/rails/rack/logger.rb:32:in `call_app'
  railties (3.2.11) lib/rails/rack/logger.rb:16:in `block in call'
  activesupport (3.2.11) lib/active_support/tagged_logging.rb:22:in `tagged'
  railties (3.2.11) lib/rails/rack/logger.rb:16:in `call'
  actionpack (3.2.11) lib/action_dispatch/middleware/request_id.rb:22:in `call'
  rack (1.4.5) lib/rack/methodoverride.rb:21:in `call'
  rack (1.4.5) lib/rack/runtime.rb:17:in `call'
  activesupport (3.2.11) lib/active_support/cache/strategy/local_cache.rb:72:in `call'
  rack (1.4.5) lib/rack/lock.rb:15:in `call'
  actionpack (3.2.11) lib/action_dispatch/middleware/static.rb:62:in `call'
  railties (3.2.11) lib/rails/engine.rb:479:in `call'
  railties (3.2.11) lib/rails/application.rb:223:in `call'
  rack (1.4.5) lib/rack/content_length.rb:14:in `call'
  railties (3.2.11) lib/rails/rack/log_tailer.rb:17:in `call'
  rack (1.4.5) lib/rack/handler/webrick.rb:59:in `service'
  /home/cosc480/.rvm/rubies/ruby-1.9.3-p327/lib/ruby/1.9.1/webrick/httpserver.rb:138:in `service'
  /home/cosc480/.rvm/rubies/ruby-1.9.3-p327/lib/ruby/1.9.1/webrick/httpserver.rb:94:in `run'
  /home/cosc480/.rvm/rubies/ruby-1.9.3-p327/lib/ruby/1.9.1/webrick/server.rb:191:in `block in start_thread'


  Rendered /home/cosc480/.rvm/gems/ruby-1.9.3-p327/gems/actionpack-3.2.11/lib/action_dispatch/middleware/templates/rescues/routing_error.erb within rescues/layout (1.8ms)
Connecting to database specified by database.yml
Connecting to database specified by database.yml
Connecting to database specified by database.yml


Started GET "/login" for 127.0.0.1 at 2013-03-31 21:46:59 -0400

ActionController::RoutingError (uninitialized constant LoginController):
  activesupport (3.2.11) lib/active_support/inflector/methods.rb:230:in `block in constantize'
  activesupport (3.2.11) lib/active_support/inflector/methods.rb:229:in `each'
  activesupport (3.2.11) lib/active_support/inflector/methods.rb:229:in `constantize'
  actionpack (3.2.11) lib/action_dispatch/routing/route_set.rb:69:in `controller_reference'
  actionpack (3.2.11) lib/action_dispatch/routing/route_set.rb:54:in `controller'
  actionpack (3.2.11) lib/action_dispatch/routing/route_set.rb:32:in `call'
  journey (1.0.4) lib/journey/router.rb:68:in `block in call'
  journey (1.0.4) lib/journey/router.rb:56:in `each'
  journey (1.0.4) lib/journey/router.rb:56:in `call'
  actionpack (3.2.11) lib/action_dispatch/routing/route_set.rb:601:in `call'
  actionpack (3.2.11) lib/action_dispatch/middleware/best_standards_support.rb:17:in `call'
  rack (1.4.5) lib/rack/etag.rb:23:in `call'
  rack (1.4.5) lib/rack/conditionalget.rb:25:in `call'
  actionpack (3.2.11) lib/action_dispatch/middleware/head.rb:14:in `call'
  actionpack (3.2.11) lib/action_dispatch/middleware/params_parser.rb:21:in `call'
  actionpack (3.2.11) lib/action_dispatch/middleware/flash.rb:242:in `call'
  rack (1.4.5) lib/rack/session/abstract/id.rb:210:in `context'
  rack (1.4.5) lib/rack/session/abstract/id.rb:205:in `call'
  actionpack (3.2.11) lib/action_dispatch/middleware/cookies.rb:341:in `call'
  activerecord (3.2.11) lib/active_record/query_cache.rb:64:in `call'
  activerecord (3.2.11) lib/active_record/connection_adapters/abstract/connection_pool.rb:479:in `call'
  actionpack (3.2.11) lib/action_dispatch/middleware/callbacks.rb:28:in `block in call'
  activesupport (3.2.11) lib/active_support/callbacks.rb:405:in `_run__697853340__call__8576606__callbacks'
  activesupport (3.2.11) lib/active_support/callbacks.rb:405:in `__run_callback'
  activesupport (3.2.11) lib/active_support/callbacks.rb:385:in `_run_call_callbacks'
  activesupport (3.2.11) lib/active_support/callbacks.rb:81:in `run_callbacks'
  actionpack (3.2.11) lib/action_dispatch/middleware/callbacks.rb:27:in `call'
  actionpack (3.2.11) lib/action_dispatch/middleware/reloader.rb:65:in `call'
  actionpack (3.2.11) lib/action_dispatch/middleware/remote_ip.rb:31:in `call'
  actionpack (3.2.11) lib/action_dispatch/middleware/debug_exceptions.rb:16:in `call'
  actionpack (3.2.11) lib/action_dispatch/middleware/show_exceptions.rb:56:in `call'
  railties (3.2.11) lib/rails/rack/logger.rb:32:in `call_app'
  railties (3.2.11) lib/rails/rack/logger.rb:16:in `block in call'
  activesupport (3.2.11) lib/active_support/tagged_logging.rb:22:in `tagged'
  railties (3.2.11) lib/rails/rack/logger.rb:16:in `call'
  actionpack (3.2.11) lib/action_dispatch/middleware/request_id.rb:22:in `call'
  rack (1.4.5) lib/rack/methodoverride.rb:21:in `call'
  rack (1.4.5) lib/rack/runtime.rb:17:in `call'
  activesupport (3.2.11) lib/active_support/cache/strategy/local_cache.rb:72:in `call'
  rack (1.4.5) lib/rack/lock.rb:15:in `call'
  actionpack (3.2.11) lib/action_dispatch/middleware/static.rb:62:in `call'
  railties (3.2.11) lib/rails/engine.rb:479:in `call'
  railties (3.2.11) lib/rails/application.rb:223:in `call'
  rack (1.4.5) lib/rack/content_length.rb:14:in `call'
  railties (3.2.11) lib/rails/rack/log_tailer.rb:17:in `call'
  rack (1.4.5) lib/rack/handler/webrick.rb:59:in `service'
  /home/cosc480/.rvm/rubies/ruby-1.9.3-p327/lib/ruby/1.9.1/webrick/httpserver.rb:138:in `service'
  /home/cosc480/.rvm/rubies/ruby-1.9.3-p327/lib/ruby/1.9.1/webrick/httpserver.rb:94:in `run'
  /home/cosc480/.rvm/rubies/ruby-1.9.3-p327/lib/ruby/1.9.1/webrick/server.rb:191:in `block in start_thread'


  Rendered /home/cosc480/.rvm/gems/ruby-1.9.3-p327/gems/actionpack-3.2.11/lib/action_dispatch/middleware/templates/rescues/routing_error.erb within rescues/layout (15.5ms)
Connecting to database specified by database.yml
Connecting to database specified by database.yml
Connecting to database specified by database.yml


Started GET "/events" for 127.0.0.1 at 2013-03-31 23:38:24 -0400
Processing by EventsController#index as HTML
  [1m[36mEvent Load (0.3ms)[0m  [1mSELECT "events".* FROM "events" [0m
  Rendered events/index.html.erb within layouts/application (10.5ms)
Compiled events.css  (92ms)  (pid 4058)
Compiled scaffolds.css  (49ms)  (pid 4058)
Compiled application.css  (185ms)  (pid 4058)
Compiled events.js  (970ms)  (pid 4058)
Compiled application.js  (1004ms)  (pid 4058)
Completed 200 OK in 1871ms (Views: 1708.6ms | ActiveRecord: 7.4ms)


Started GET "/assets/application.css?body=1" for 127.0.0.1 at 2013-03-31 23:38:27 -0400
Served asset /application.css - 304 Not Modified (47ms)


Started GET "/assets/event_calendar.css?body=1" for 127.0.0.1 at 2013-03-31 23:38:27 -0400
Served asset /event_calendar.css - 304 Not Modified (69ms)


Started GET "/assets/events.css?body=1" for 127.0.0.1 at 2013-03-31 23:38:27 -0400
Served asset /events.css - 200 OK (17ms)


Started GET "/assets/scaffolds.css?body=1" for 127.0.0.1 at 2013-03-31 23:38:27 -0400
Served asset /scaffolds.css - 200 OK (35ms)


Started GET "/assets/jquery.js?body=1" for 127.0.0.1 at 2013-03-31 23:38:27 -0400
Served asset /jquery.js - 304 Not Modified (45ms)


Started GET "/assets/jquery_ujs.js?body=1" for 127.0.0.1 at 2013-03-31 23:38:27 -0400
Served asset /jquery_ujs.js - 304 Not Modified (15ms)


Started GET "/assets/event_calendar.js?body=1" for 127.0.0.1 at 2013-03-31 23:38:27 -0400
Served asset /event_calendar.js - 304 Not Modified (10ms)


Started GET "/assets/events.js?body=1" for 127.0.0.1 at 2013-03-31 23:38:27 -0400
Served asset /events.js - 200 OK (11ms)


Started GET "/assets/application.js?body=1" for 127.0.0.1 at 2013-03-31 23:38:27 -0400
Served asset /application.js - 304 Not Modified (59ms)


Started GET "/events/new" for 127.0.0.1 at 2013-03-31 23:38:32 -0400
Processing by EventsController#new as HTML
  Rendered events/_form.html.erb (131.3ms)
  Rendered events/new.html.erb within layouts/application (180.7ms)
Completed 200 OK in 233ms (Views: 201.7ms | ActiveRecord: 0.0ms)


Started GET "/assets/application.css?body=1" for 127.0.0.1 at 2013-03-31 23:38:33 -0400
Served asset /application.css - 304 Not Modified (14ms)


Started GET "/assets/event_calendar.css?body=1" for 127.0.0.1 at 2013-03-31 23:38:33 -0400
Served asset /event_calendar.css - 304 Not Modified (0ms)


Started GET "/assets/jquery_ujs.js?body=1" for 127.0.0.1 at 2013-03-31 23:38:33 -0400
Served asset /jquery_ujs.js - 304 Not Modified (7ms)


Started GET "/assets/jquery.js?body=1" for 127.0.0.1 at 2013-03-31 23:38:33 -0400
Served asset /jquery.js - 304 Not Modified (6ms)


Started GET "/assets/scaffolds.css?body=1" for 127.0.0.1 at 2013-03-31 23:38:33 -0400
Served asset /scaffolds.css - 304 Not Modified (6ms)


Started GET "/assets/events.css?body=1" for 127.0.0.1 at 2013-03-31 23:38:33 -0400
Served asset /events.css - 304 Not Modified (25ms)


Started GET "/assets/event_calendar.js?body=1" for 127.0.0.1 at 2013-03-31 23:38:33 -0400
Served asset /event_calendar.js - 304 Not Modified (0ms)


Started GET "/assets/events.js?body=1" for 127.0.0.1 at 2013-03-31 23:38:33 -0400
Served asset /events.js - 304 Not Modified (0ms)


Started GET "/assets/application.js?body=1" for 127.0.0.1 at 2013-03-31 23:38:33 -0400
Served asset /application.js - 304 Not Modified (16ms)


Started POST "/events" for 127.0.0.1 at 2013-03-31 23:38:47 -0400
Processing by EventsController#create as HTML
  Parameters: {"utf8"=>"✓", "authenticity_token"=>"KPgljxczE4hjY7NJEMyX40Ci/CDsxXBHPkbdsiG3SRE=", "event"=>{"name"=>"Party time", "start_at(1i)"=>"2013", "start_at(2i)"=>"4", "start_at(3i)"=>"1", "start_at(4i)"=>"03", "start_at(5i)"=>"38", "end_at(1i)"=>"2013", "end_at(2i)"=>"4", "end_at(3i)"=>"1", "end_at(4i)"=>"03", "end_at(5i)"=>"38"}, "commit"=>"Create Event"}
  [1m[35m (0.3ms)[0m  begin transaction
  [1m[36mSQL (36.9ms)[0m  [1mINSERT INTO "events" ("created_at", "end_at", "name", "start_at", "updated_at") VALUES (?, ?, ?, ?, ?)[0m  [["created_at", Mon, 01 Apr 2013 03:38:47 UTC +00:00], ["end_at", Mon, 01 Apr 2013 03:38:00 UTC +00:00], ["name", "Party time"], ["start_at", Mon, 01 Apr 2013 03:38:00 UTC +00:00], ["updated_at", Mon, 01 Apr 2013 03:38:47 UTC +00:00]]
  [1m[35m (44.1ms)[0m  commit transaction
Redirected to http://localhost:3000/events/1
Completed 302 Found in 126ms (ActiveRecord: 81.4ms)


Started GET "/events/1" for 127.0.0.1 at 2013-03-31 23:38:47 -0400
Processing by EventsController#show as HTML
  Parameters: {"id"=>"1"}
  [1m[36mEvent Load (0.6ms)[0m  [1mSELECT "events".* FROM "events" WHERE "events"."id" = ? LIMIT 1[0m  [["id", "1"]]
  Rendered events/show.html.erb within layouts/application (6.2ms)
Completed 200 OK in 68ms (Views: 59.7ms | ActiveRecord: 0.6ms)


Started GET "/assets/application.css?body=1" for 127.0.0.1 at 2013-03-31 23:38:47 -0400
Served asset /application.css - 304 Not Modified (1ms)


Started GET "/assets/event_calendar.css?body=1" for 127.0.0.1 at 2013-03-31 23:38:47 -0400
Served asset /event_calendar.css - 304 Not Modified (0ms)


Started GET "/assets/events.css?body=1" for 127.0.0.1 at 2013-03-31 23:38:47 -0400
Served asset /events.css - 304 Not Modified (5ms)


Started GET "/assets/scaffolds.css?body=1" for 127.0.0.1 at 2013-03-31 23:38:47 -0400
Served asset /scaffolds.css - 304 Not Modified (6ms)


Started GET "/assets/jquery.js?body=1" for 127.0.0.1 at 2013-03-31 23:38:47 -0400
Served asset /jquery.js - 304 Not Modified (8ms)


Started GET "/assets/jquery_ujs.js?body=1" for 127.0.0.1 at 2013-03-31 23:38:47 -0400
Served asset /jquery_ujs.js - 304 Not Modified (0ms)


Started GET "/assets/event_calendar.js?body=1" for 127.0.0.1 at 2013-03-31 23:38:48 -0400
Served asset /event_calendar.js - 304 Not Modified (0ms)


Started GET "/assets/events.js?body=1" for 127.0.0.1 at 2013-03-31 23:38:48 -0400
Served asset /events.js - 304 Not Modified (7ms)


Started GET "/assets/application.js?body=1" for 127.0.0.1 at 2013-03-31 23:38:48 -0400
Served asset /application.js - 304 Not Modified (11ms)


Started GET "/events" for 127.0.0.1 at 2013-03-31 23:38:50 -0400
Processing by EventsController#index as HTML
  [1m[35mEvent Load (0.5ms)[0m  SELECT "events".* FROM "events" 
  Rendered events/index.html.erb within layouts/application (5.4ms)
Completed 200 OK in 40ms (Views: 29.2ms | ActiveRecord: 0.5ms)


Started GET "/assets/application.css?body=1" for 127.0.0.1 at 2013-03-31 23:38:50 -0400
Served asset /application.css - 304 Not Modified (4ms)


Started GET "/assets/event_calendar.css?body=1" for 127.0.0.1 at 2013-03-31 23:38:50 -0400
Served asset /event_calendar.css - 304 Not Modified (0ms)


Started GET "/assets/events.css?body=1" for 127.0.0.1 at 2013-03-31 23:38:50 -0400
Served asset /events.css - 304 Not Modified (8ms)


Started GET "/assets/scaffolds.css?body=1" for 127.0.0.1 at 2013-03-31 23:38:50 -0400
Served asset /scaffolds.css - 304 Not Modified (0ms)


Started GET "/assets/jquery.js?body=1" for 127.0.0.1 at 2013-03-31 23:38:50 -0400
Served asset /jquery.js - 304 Not Modified (17ms)


Started GET "/assets/jquery_ujs.js?body=1" for 127.0.0.1 at 2013-03-31 23:38:50 -0400
Served asset /jquery_ujs.js - 304 Not Modified (5ms)


Started GET "/assets/event_calendar.js?body=1" for 127.0.0.1 at 2013-03-31 23:38:50 -0400
Served asset /event_calendar.js - 304 Not Modified (0ms)


Started GET "/assets/events.js?body=1" for 127.0.0.1 at 2013-03-31 23:38:50 -0400
Served asset /events.js - 304 Not Modified (0ms)


Started GET "/assets/application.js?body=1" for 127.0.0.1 at 2013-03-31 23:38:50 -0400
Served asset /application.js - 304 Not Modified (20ms)


Started GET "/calendar" for 127.0.0.1 at 2013-03-31 23:38:54 -0400
Processing by CalendarController#index as HTML
  [1m[36mEvent Load (0.5ms)[0m  [1mSELECT "events".* FROM "events" WHERE (('2013-03-31 04:00:00.000000' <= end_at) AND (start_at< '2013-05-05 04:00:00.000000')) ORDER BY start_at ASC[0m
  Rendered calendar/index.html.erb within layouts/application (72.2ms)
Completed 200 OK in 133ms (Views: 113.0ms | ActiveRecord: 0.5ms)


Started GET "/assets/application.css?body=1" for 127.0.0.1 at 2013-03-31 23:38:54 -0400
Served asset /application.css - 304 Not Modified (1ms)


Started GET "/assets/event_calendar.css?body=1" for 127.0.0.1 at 2013-03-31 23:38:54 -0400
Served asset /event_calendar.css - 304 Not Modified (0ms)


Started GET "/assets/events.css?body=1" for 127.0.0.1 at 2013-03-31 23:38:54 -0400
Served asset /events.css - 304 Not Modified (8ms)


Started GET "/assets/scaffolds.css?body=1" for 127.0.0.1 at 2013-03-31 23:38:54 -0400
Served asset /scaffolds.css - 304 Not Modified (16ms)


Started GET "/assets/jquery.js?body=1" for 127.0.0.1 at 2013-03-31 23:38:54 -0400
Served asset /jquery.js - 304 Not Modified (24ms)


Started GET "/assets/jquery_ujs.js?body=1" for 127.0.0.1 at 2013-03-31 23:38:54 -0400
Served asset /jquery_ujs.js - 304 Not Modified (0ms)


Started GET "/assets/event_calendar.js?body=1" for 127.0.0.1 at 2013-03-31 23:38:54 -0400
Served asset /event_calendar.js - 304 Not Modified (0ms)


Started GET "/assets/events.js?body=1" for 127.0.0.1 at 2013-03-31 23:38:54 -0400
Served asset /events.js - 304 Not Modified (12ms)


Started GET "/assets/application.js?body=1" for 127.0.0.1 at 2013-03-31 23:38:54 -0400
Served asset /application.js - 304 Not Modified (14ms)


Started GET "/events/1" for 127.0.0.1 at 2013-03-31 23:39:00 -0400
Processing by EventsController#show as HTML
  Parameters: {"id"=>"1"}
  [1m[35mEvent Load (0.2ms)[0m  SELECT "events".* FROM "events" WHERE "events"."id" = ? LIMIT 1  [["id", "1"]]
  Rendered events/show.html.erb within layouts/application (2.1ms)
Completed 200 OK in 27ms (Views: 22.4ms | ActiveRecord: 0.2ms)


Started GET "/assets/application.css?body=1" for 127.0.0.1 at 2013-03-31 23:39:00 -0400
Served asset /application.css - 304 Not Modified (15ms)


Started GET "/assets/event_calendar.css?body=1" for 127.0.0.1 at 2013-03-31 23:39:00 -0400
Served asset /event_calendar.css - 304 Not Modified (3ms)


Started GET "/assets/events.css?body=1" for 127.0.0.1 at 2013-03-31 23:39:00 -0400
Served asset /events.css - 304 Not Modified (0ms)


Started GET "/assets/scaffolds.css?body=1" for 127.0.0.1 at 2013-03-31 23:39:00 -0400
Served asset /scaffolds.css - 304 Not Modified (3ms)


Started GET "/assets/jquery.js?body=1" for 127.0.0.1 at 2013-03-31 23:39:00 -0400
Served asset /jquery.js - 304 Not Modified (29ms)


Started GET "/assets/jquery_ujs.js?body=1" for 127.0.0.1 at 2013-03-31 23:39:00 -0400
Served asset /jquery_ujs.js - 304 Not Modified (6ms)


Started GET "/assets/events.js?body=1" for 127.0.0.1 at 2013-03-31 23:39:00 -0400
Served asset /events.js - 304 Not Modified (2ms)


Started GET "/assets/event_calendar.js?body=1" for 127.0.0.1 at 2013-03-31 23:39:00 -0400
Served asset /event_calendar.js - 304 Not Modified (5ms)


Started GET "/assets/application.js?body=1" for 127.0.0.1 at 2013-03-31 23:39:00 -0400
Served asset /application.js - 304 Not Modified (21ms)


Started GET "/events/new" for 127.0.0.1 at 2013-03-31 23:43:38 -0400
Processing by EventsController#new as HTML
  Rendered events/_form.html.erb (33.0ms)
  Rendered events/new.html.erb within layouts/application (36.9ms)
Completed 200 OK in 131ms (Views: 129.8ms | ActiveRecord: 0.0ms)


Started GET "/assets/application.css?body=1" for 127.0.0.1 at 2013-03-31 23:43:39 -0400
Served asset /application.css - 304 Not Modified (1ms)


Started GET "/assets/event_calendar.css?body=1" for 127.0.0.1 at 2013-03-31 23:43:39 -0400
Served asset /event_calendar.css - 304 Not Modified (0ms)


Started GET "/assets/events.css?body=1" for 127.0.0.1 at 2013-03-31 23:43:39 -0400
Served asset /events.css - 304 Not Modified (5ms)


Started GET "/assets/scaffolds.css?body=1" for 127.0.0.1 at 2013-03-31 23:43:39 -0400
Served asset /scaffolds.css - 304 Not Modified (10ms)


Started GET "/assets/jquery.js?body=1" for 127.0.0.1 at 2013-03-31 23:43:39 -0400
Served asset /jquery.js - 304 Not Modified (17ms)


Started GET "/assets/jquery_ujs.js?body=1" for 127.0.0.1 at 2013-03-31 23:43:39 -0400
Served asset /jquery_ujs.js - 304 Not Modified (11ms)


Started GET "/assets/event_calendar.js?body=1" for 127.0.0.1 at 2013-03-31 23:43:39 -0400
Served asset /event_calendar.js - 304 Not Modified (0ms)


Started GET "/assets/events.js?body=1" for 127.0.0.1 at 2013-03-31 23:43:39 -0400
Served asset /events.js - 304 Not Modified (5ms)


Started GET "/assets/application.js?body=1" for 127.0.0.1 at 2013-03-31 23:43:39 -0400
Served asset /application.js - 304 Not Modified (9ms)


Started POST "/events" for 127.0.0.1 at 2013-03-31 23:44:36 -0400
Processing by EventsController#create as HTML
  Parameters: {"utf8"=>"✓", "authenticity_token"=>"KPgljxczE4hjY7NJEMyX40Ci/CDsxXBHPkbdsiG3SRE=", "event"=>{"name"=>"Name", "start_at(1i)"=>"2013", "start_at(2i)"=>"4", "start_at(3i)"=>"1", "start_at(4i)"=>"03", "start_at(5i)"=>"43", "end_at(1i)"=>"2013", "end_at(2i)"=>"4", "end_at(3i)"=>"1", "end_at(4i)"=>"03", "end_at(5i)"=>"43"}, "commit"=>"Create Event"}
  [1m[36m (0.3ms)[0m  [1mbegin transaction[0m
  [1m[35mSQL (1.1ms)[0m  INSERT INTO "events" ("created_at", "end_at", "name", "start_at", "updated_at") VALUES (?, ?, ?, ?, ?)  [["created_at", Mon, 01 Apr 2013 03:44:36 UTC +00:00], ["end_at", Mon, 01 Apr 2013 03:43:00 UTC +00:00], ["name", "Name"], ["start_at", Mon, 01 Apr 2013 03:43:00 UTC +00:00], ["updated_at", Mon, 01 Apr 2013 03:44:36 UTC +00:00]]
  [1m[36m (19.7ms)[0m  [1mcommit transaction[0m
Redirected to http://localhost:3000/events/2
Completed 302 Found in 44ms (ActiveRecord: 21.1ms)


Started GET "/events/2" for 127.0.0.1 at 2013-03-31 23:44:36 -0400
Processing by EventsController#show as HTML
  Parameters: {"id"=>"2"}
  [1m[35mEvent Load (0.2ms)[0m  SELECT "events".* FROM "events" WHERE "events"."id" = ? LIMIT 1  [["id", "2"]]
  Rendered events/show.html.erb within layouts/application (2.1ms)
Completed 200 OK in 45ms (Views: 30.1ms | ActiveRecord: 0.2ms)


Started GET "/assets/application.css?body=1" for 127.0.0.1 at 2013-03-31 23:44:36 -0400
Served asset /application.css - 304 Not Modified (18ms)


Started GET "/assets/event_calendar.css?body=1" for 127.0.0.1 at 2013-03-31 23:44:36 -0400
Served asset /event_calendar.css - 304 Not Modified (0ms)


Started GET "/assets/events.css?body=1" for 127.0.0.1 at 2013-03-31 23:44:36 -0400
Served asset /events.css - 304 Not Modified (40ms)


Started GET "/assets/scaffolds.css?body=1" for 127.0.0.1 at 2013-03-31 23:44:36 -0400
Served asset /scaffolds.css - 304 Not Modified (4ms)


Started GET "/assets/jquery.js?body=1" for 127.0.0.1 at 2013-03-31 23:44:36 -0400
Served asset /jquery.js - 304 Not Modified (27ms)


Started GET "/assets/jquery_ujs.js?body=1" for 127.0.0.1 at 2013-03-31 23:44:36 -0400
Served asset /jquery_ujs.js - 304 Not Modified (6ms)


Started GET "/assets/event_calendar.js?body=1" for 127.0.0.1 at 2013-03-31 23:44:36 -0400
Served asset /event_calendar.js - 304 Not Modified (0ms)


Started GET "/assets/events.js?body=1" for 127.0.0.1 at 2013-03-31 23:44:36 -0400
Served asset /events.js - 304 Not Modified (16ms)


Started GET "/assets/application.js?body=1" for 127.0.0.1 at 2013-03-31 23:44:36 -0400
Served asset /application.js - 304 Not Modified (16ms)


Started GET "/events" for 127.0.0.1 at 2013-03-31 23:46:47 -0400
Processing by EventsController#index as HTML
  [1m[36mEvent Load (0.4ms)[0m  [1mSELECT "events".* FROM "events" [0m
  Rendered events/index.html.erb within layouts/application (8.3ms)
Completed 200 OK in 33ms (Views: 30.0ms | ActiveRecord: 0.4ms)


Started GET "/assets/application.css?body=1" for 127.0.0.1 at 2013-03-31 23:46:47 -0400
Served asset /application.css - 304 Not Modified (4ms)


Started GET "/assets/event_calendar.css?body=1" for 127.0.0.1 at 2013-03-31 23:46:47 -0400
Served asset /event_calendar.css - 304 Not Modified (0ms)


Started GET "/assets/events.css?body=1" for 127.0.0.1 at 2013-03-31 23:46:47 -0400
Served asset /events.css - 304 Not Modified (0ms)


Started GET "/assets/scaffolds.css?body=1" for 127.0.0.1 at 2013-03-31 23:46:47 -0400
Served asset /scaffolds.css - 304 Not Modified (7ms)


Started GET "/assets/jquery.js?body=1" for 127.0.0.1 at 2013-03-31 23:46:47 -0400
Served asset /jquery.js - 304 Not Modified (27ms)


Started GET "/assets/jquery_ujs.js?body=1" for 127.0.0.1 at 2013-03-31 23:46:47 -0400
Served asset /jquery_ujs.js - 304 Not Modified (0ms)


Started GET "/assets/event_calendar.js?body=1" for 127.0.0.1 at 2013-03-31 23:46:47 -0400
Served asset /event_calendar.js - 304 Not Modified (0ms)


Started GET "/assets/events.js?body=1" for 127.0.0.1 at 2013-03-31 23:46:47 -0400
Served asset /events.js - 304 Not Modified (0ms)


Started GET "/assets/application.js?body=1" for 127.0.0.1 at 2013-03-31 23:46:47 -0400
Served asset /application.js - 304 Not Modified (22ms)


Started GET "/events/new" for 127.0.0.1 at 2013-03-31 23:46:50 -0400
Processing by EventsController#new as HTML
  Rendered events/_form.html.erb (33.1ms)
  Rendered events/new.html.erb within layouts/application (35.2ms)
Completed 200 OK in 58ms (Views: 56.6ms | ActiveRecord: 0.0ms)


Started GET "/assets/application.css?body=1" for 127.0.0.1 at 2013-03-31 23:46:50 -0400
Served asset /application.css - 304 Not Modified (9ms)


Started GET "/assets/event_calendar.css?body=1" for 127.0.0.1 at 2013-03-31 23:46:50 -0400
Served asset /event_calendar.css - 304 Not Modified (0ms)


Started GET "/assets/events.css?body=1" for 127.0.0.1 at 2013-03-31 23:46:50 -0400
Served asset /events.css - 304 Not Modified (0ms)


Started GET "/assets/jquery.js?body=1" for 127.0.0.1 at 2013-03-31 23:46:50 -0400
Served asset /jquery.js - 304 Not Modified (8ms)


Started GET "/assets/jquery_ujs.js?body=1" for 127.0.0.1 at 2013-03-31 23:46:50 -0400
Served asset /jquery_ujs.js - 304 Not Modified (2ms)


Started GET "/assets/event_calendar.js?body=1" for 127.0.0.1 at 2013-03-31 23:46:50 -0400
Served asset /event_calendar.js - 304 Not Modified (0ms)


Started GET "/assets/events.js?body=1" for 127.0.0.1 at 2013-03-31 23:46:50 -0400
Served asset /events.js - 304 Not Modified (4ms)


Started GET "/assets/scaffolds.css?body=1" for 127.0.0.1 at 2013-03-31 23:46:50 -0400
Served asset /scaffolds.css - 304 Not Modified (0ms)


Started GET "/assets/application.js?body=1" for 127.0.0.1 at 2013-03-31 23:46:50 -0400
Served asset /application.js - 304 Not Modified (20ms)
Connecting to database specified by database.yml


Started GET "/events" for 127.0.0.1 at 2013-03-31 23:56:56 -0400
Processing by EventsController#index as HTML
  [1m[36mEvent Load (0.3ms)[0m  [1mSELECT "events".* FROM "events" [0m
  Rendered events/index.html.erb within layouts/application (28.7ms)
Completed 200 OK in 621ms (Views: 304.3ms | ActiveRecord: 7.1ms)


Started GET "/assets/application.css?body=1" for 127.0.0.1 at 2013-03-31 23:56:57 -0400
Served asset /application.css - 304 Not Modified (37ms)


Started GET "/assets/event_calendar.css?body=1" for 127.0.0.1 at 2013-03-31 23:56:58 -0400
Served asset /event_calendar.css - 304 Not Modified (5ms)


Started GET "/assets/events.css?body=1" for 127.0.0.1 at 2013-03-31 23:56:58 -0400
Served asset /events.css - 304 Not Modified (13ms)


Started GET "/assets/scaffolds.css?body=1" for 127.0.0.1 at 2013-03-31 23:56:58 -0400
Served asset /scaffolds.css - 304 Not Modified (47ms)


Started GET "/assets/jquery.js?body=1" for 127.0.0.1 at 2013-03-31 23:56:58 -0400
Served asset /jquery.js - 304 Not Modified (31ms)


Started GET "/assets/jquery_ujs.js?body=1" for 127.0.0.1 at 2013-03-31 23:56:58 -0400
Served asset /jquery_ujs.js - 304 Not Modified (29ms)


Started GET "/assets/event_calendar.js?body=1" for 127.0.0.1 at 2013-03-31 23:56:58 -0400
Served asset /event_calendar.js - 304 Not Modified (15ms)


Started GET "/assets/events.js?body=1" for 127.0.0.1 at 2013-03-31 23:56:58 -0400
Served asset /events.js - 304 Not Modified (14ms)


Started GET "/assets/application.js?body=1" for 127.0.0.1 at 2013-03-31 23:56:58 -0400
Served asset /application.js - 304 Not Modified (57ms)


Started GET "/events/new" for 127.0.0.1 at 2013-03-31 23:57:00 -0400
Processing by EventsController#new as HTML
  Rendered events/_form.html.erb (56.9ms)
  Rendered events/new.html.erb within layouts/application (120.7ms)
Completed 200 OK in 143ms (Views: 140.8ms | ActiveRecord: 0.0ms)


Started GET "/assets/application.css?body=1" for 127.0.0.1 at 2013-03-31 23:57:00 -0400
Served asset /application.css - 304 Not Modified (1ms)


Started GET "/assets/event_calendar.css?body=1" for 127.0.0.1 at 2013-03-31 23:57:00 -0400
Served asset /event_calendar.css - 304 Not Modified (0ms)


Started GET "/assets/events.css?body=1" for 127.0.0.1 at 2013-03-31 23:57:00 -0400
Served asset /events.css - 304 Not Modified (0ms)


Started GET "/assets/scaffolds.css?body=1" for 127.0.0.1 at 2013-03-31 23:57:00 -0400
Served asset /scaffolds.css - 304 Not Modified (0ms)


Started GET "/assets/jquery.js?body=1" for 127.0.0.1 at 2013-03-31 23:57:00 -0400
Served asset /jquery.js - 304 Not Modified (28ms)


Started GET "/assets/jquery_ujs.js?body=1" for 127.0.0.1 at 2013-03-31 23:57:00 -0400
Served asset /jquery_ujs.js - 304 Not Modified (0ms)


Started GET "/assets/event_calendar.js?body=1" for 127.0.0.1 at 2013-03-31 23:57:00 -0400
Served asset /event_calendar.js - 304 Not Modified (0ms)


Started GET "/assets/events.js?body=1" for 127.0.0.1 at 2013-03-31 23:57:00 -0400
Served asset /events.js - 304 Not Modified (0ms)


Started GET "/assets/application.js?body=1" for 127.0.0.1 at 2013-03-31 23:57:00 -0400
Served asset /application.js - 304 Not Modified (8ms)
Connecting to database specified by database.yml


Started GET "/calendar" for 127.0.0.1 at 2013-03-31 23:59:37 -0400
Processing by CalendarController#index as HTML
  [1m[36mEvent Load (0.4ms)[0m  [1mSELECT "events".* FROM "events" WHERE (('2013-03-31 04:00:00.000000' <= end_at) AND (start_at< '2013-05-05 04:00:00.000000')) ORDER BY start_at ASC[0m
  Rendered calendar/index.html.erb within layouts/application (129.3ms)
Completed 200 OK in 616ms (Views: 312.5ms | ActiveRecord: 8.8ms)


Started GET "/assets/application.css?body=1" for 127.0.0.1 at 2013-03-31 23:59:38 -0400
Served asset /application.css - 304 Not Modified (40ms)


Started GET "/assets/event_calendar.css?body=1" for 127.0.0.1 at 2013-03-31 23:59:38 -0400
Served asset /event_calendar.css - 304 Not Modified (62ms)


Started GET "/assets/events.css?body=1" for 127.0.0.1 at 2013-03-31 23:59:38 -0400
Served asset /events.css - 304 Not Modified (10ms)


Started GET "/assets/scaffolds.css?body=1" for 127.0.0.1 at 2013-03-31 23:59:38 -0400
Served asset /scaffolds.css - 304 Not Modified (37ms)


Started GET "/assets/jquery.js?body=1" for 127.0.0.1 at 2013-03-31 23:59:38 -0400
Served asset /jquery.js - 304 Not Modified (114ms)


Started GET "/assets/jquery_ujs.js?body=1" for 127.0.0.1 at 2013-03-31 23:59:38 -0400
Served asset /jquery_ujs.js - 304 Not Modified (15ms)


Started GET "/assets/event_calendar.js?body=1" for 127.0.0.1 at 2013-03-31 23:59:38 -0400
Served asset /event_calendar.js - 304 Not Modified (11ms)


Started GET "/assets/events.js?body=1" for 127.0.0.1 at 2013-03-31 23:59:38 -0400
Served asset /events.js - 304 Not Modified (27ms)


Started GET "/assets/application.js?body=1" for 127.0.0.1 at 2013-03-31 23:59:38 -0400
Served asset /application.js - 304 Not Modified (61ms)


Started GET "/events" for 127.0.0.1 at 2013-03-31 23:59:45 -0400
Processing by EventsController#index as HTML
  [1m[35mEvent Load (0.6ms)[0m  SELECT "events".* FROM "events" 
  Rendered events/index.html.erb within layouts/application (37.3ms)
Completed 200 OK in 111ms (Views: 106.4ms | ActiveRecord: 0.6ms)


Started GET "/assets/application.css?body=1" for 127.0.0.1 at 2013-03-31 23:59:46 -0400
Served asset /application.css - 304 Not Modified (1ms)


Started GET "/assets/event_calendar.css?body=1" for 127.0.0.1 at 2013-03-31 23:59:46 -0400
Served asset /event_calendar.css - 304 Not Modified (0ms)


Started GET "/assets/events.css?body=1" for 127.0.0.1 at 2013-03-31 23:59:46 -0400
Served asset /events.css - 304 Not Modified (0ms)


Started GET "/assets/scaffolds.css?body=1" for 127.0.0.1 at 2013-03-31 23:59:46 -0400
Served asset /scaffolds.css - 304 Not Modified (1ms)


Started GET "/assets/jquery.js?body=1" for 127.0.0.1 at 2013-03-31 23:59:46 -0400
Served asset /jquery.js - 304 Not Modified (14ms)


Started GET "/assets/jquery_ujs.js?body=1" for 127.0.0.1 at 2013-03-31 23:59:46 -0400
Served asset /jquery_ujs.js - 304 Not Modified (1ms)


Started GET "/assets/event_calendar.js?body=1" for 127.0.0.1 at 2013-03-31 23:59:46 -0400
Served asset /event_calendar.js - 304 Not Modified (0ms)


Started GET "/assets/application.js?body=1" for 127.0.0.1 at 2013-03-31 23:59:46 -0400
Served asset /application.js - 304 Not Modified (19ms)


Started GET "/assets/events.js?body=1" for 127.0.0.1 at 2013-03-31 23:59:46 -0400
Served asset /events.js - 304 Not Modified (4ms)


Started GET "/events/new" for 127.0.0.1 at 2013-03-31 23:59:49 -0400
Processing by EventsController#new as HTML
  Rendered events/_form.html.erb (39.1ms)
  Rendered events/new.html.erb within layouts/application (52.5ms)
Completed 200 OK in 84ms (Views: 82.5ms | ActiveRecord: 0.0ms)


Started GET "/assets/application.css?body=1" for 127.0.0.1 at 2013-03-31 23:59:49 -0400
Served asset /application.css - 304 Not Modified (1ms)


Started GET "/assets/event_calendar.css?body=1" for 127.0.0.1 at 2013-03-31 23:59:50 -0400
Served asset /event_calendar.css - 304 Not Modified (3ms)


Started GET "/assets/events.css?body=1" for 127.0.0.1 at 2013-03-31 23:59:50 -0400
Served asset /events.css - 304 Not Modified (0ms)


Started GET "/assets/scaffolds.css?body=1" for 127.0.0.1 at 2013-03-31 23:59:50 -0400
Served asset /scaffolds.css - 304 Not Modified (95ms)


Started GET "/assets/jquery.js?body=1" for 127.0.0.1 at 2013-03-31 23:59:50 -0400
Served asset /jquery.js - 304 Not Modified (19ms)


Started GET "/assets/jquery_ujs.js?body=1" for 127.0.0.1 at 2013-03-31 23:59:50 -0400
Served asset /jquery_ujs.js - 304 Not Modified (7ms)


Started GET "/assets/event_calendar.js?body=1" for 127.0.0.1 at 2013-03-31 23:59:50 -0400
Served asset /event_calendar.js - 304 Not Modified (0ms)


Started GET "/assets/events.js?body=1" for 127.0.0.1 at 2013-03-31 23:59:50 -0400
Served asset /events.js - 304 Not Modified (9ms)


Started GET "/assets/application.js?body=1" for 127.0.0.1 at 2013-03-31 23:59:50 -0400
Served asset /application.js - 304 Not Modified (7ms)


Started GET "/events" for 127.0.0.1 at 2013-04-01 00:00:51 -0400
Processing by EventsController#index as HTML
  [1m[36mEvent Load (8.7ms)[0m  [1mSELECT "events".* FROM "events" [0m
  Rendered events/index.html.erb within layouts/application (8.2ms)
Completed 200 OK in 41ms (Views: 29.3ms | ActiveRecord: 8.7ms)


Started GET "/assets/application.css?body=1" for 127.0.0.1 at 2013-04-01 00:00:51 -0400
Served asset /application.css - 304 Not Modified (1ms)


Started GET "/assets/event_calendar.css?body=1" for 127.0.0.1 at 2013-04-01 00:00:52 -0400
Served asset /event_calendar.css - 304 Not Modified (0ms)


Started GET "/assets/events.css?body=1" for 127.0.0.1 at 2013-04-01 00:00:52 -0400
Served asset /events.css - 304 Not Modified (5ms)


Started GET "/assets/scaffolds.css?body=1" for 127.0.0.1 at 2013-04-01 00:00:52 -0400
Served asset /scaffolds.css - 304 Not Modified (2ms)


Started GET "/assets/jquery.js?body=1" for 127.0.0.1 at 2013-04-01 00:00:52 -0400
Served asset /jquery.js - 304 Not Modified (3ms)


Started GET "/assets/jquery_ujs.js?body=1" for 127.0.0.1 at 2013-04-01 00:00:52 -0400
Served asset /jquery_ujs.js - 304 Not Modified (0ms)


Started GET "/assets/event_calendar.js?body=1" for 127.0.0.1 at 2013-04-01 00:00:52 -0400
Served asset /event_calendar.js - 304 Not Modified (0ms)


Started GET "/assets/events.js?body=1" for 127.0.0.1 at 2013-04-01 00:00:52 -0400
Served asset /events.js - 304 Not Modified (0ms)


Started GET "/assets/application.js?body=1" for 127.0.0.1 at 2013-04-01 00:00:52 -0400
Served asset /application.js - 304 Not Modified (11ms)


Started GET "/events/new" for 127.0.0.1 at 2013-04-01 00:00:55 -0400
Processing by EventsController#new as HTML
  Rendered events/_form.html.erb (33.0ms)
  Rendered events/new.html.erb within layouts/application (35.1ms)
Completed 200 OK in 57ms (Views: 55.9ms | ActiveRecord: 0.0ms)


Started GET "/assets/application.css?body=1" for 127.0.0.1 at 2013-04-01 00:00:55 -0400
Served asset /application.css - 304 Not Modified (1ms)


Started GET "/assets/event_calendar.css?body=1" for 127.0.0.1 at 2013-04-01 00:00:55 -0400
Served asset /event_calendar.css - 304 Not Modified (0ms)


Started GET "/assets/events.css?body=1" for 127.0.0.1 at 2013-04-01 00:00:55 -0400
Served asset /events.css - 304 Not Modified (0ms)


Started GET "/assets/scaffolds.css?body=1" for 127.0.0.1 at 2013-04-01 00:00:55 -0400
Served asset /scaffolds.css - 304 Not Modified (0ms)


Started GET "/assets/jquery.js?body=1" for 127.0.0.1 at 2013-04-01 00:00:55 -0400
Served asset /jquery.js - 304 Not Modified (17ms)


Started GET "/assets/jquery_ujs.js?body=1" for 127.0.0.1 at 2013-04-01 00:00:55 -0400
Served asset /jquery_ujs.js - 304 Not Modified (0ms)


Started GET "/assets/event_calendar.js?body=1" for 127.0.0.1 at 2013-04-01 00:00:55 -0400
Served asset /event_calendar.js - 304 Not Modified (0ms)


Started GET "/assets/events.js?body=1" for 127.0.0.1 at 2013-04-01 00:00:55 -0400
Served asset /events.js - 304 Not Modified (0ms)


Started GET "/assets/application.js?body=1" for 127.0.0.1 at 2013-04-01 00:00:55 -0400
Served asset /application.js - 304 Not Modified (6ms)


Started GET "/events/new" for 127.0.0.1 at 2013-04-01 00:01:07 -0400
Processing by EventsController#new as HTML
  Rendered events/_form.html.erb (38.3ms)
  Rendered events/new.html.erb within layouts/application (40.3ms)
Completed 200 OK in 63ms (Views: 62.5ms | ActiveRecord: 0.0ms)


Started GET "/assets/application.css?body=1" for 127.0.0.1 at 2013-04-01 00:01:07 -0400
Served asset /application.css - 304 Not Modified (29ms)


Started GET "/assets/event_calendar.css?body=1" for 127.0.0.1 at 2013-04-01 00:01:07 -0400
Served asset /event_calendar.css - 304 Not Modified (5ms)


Started GET "/assets/events.css?body=1" for 127.0.0.1 at 2013-04-01 00:01:07 -0400
Served asset /events.css - 304 Not Modified (0ms)


Started GET "/assets/scaffolds.css?body=1" for 127.0.0.1 at 2013-04-01 00:01:07 -0400
Served asset /scaffolds.css - 304 Not Modified (9ms)


Started GET "/assets/jquery.js?body=1" for 127.0.0.1 at 2013-04-01 00:01:07 -0400
Served asset /jquery.js - 304 Not Modified (19ms)


Started GET "/assets/jquery_ujs.js?body=1" for 127.0.0.1 at 2013-04-01 00:01:07 -0400
Served asset /jquery_ujs.js - 304 Not Modified (41ms)


Started GET "/assets/application.js?body=1" for 127.0.0.1 at 2013-04-01 00:01:07 -0400
Served asset /application.js - 304 Not Modified (9ms)


Started GET "/assets/events.js?body=1" for 127.0.0.1 at 2013-04-01 00:01:07 -0400
Served asset /events.js - 304 Not Modified (0ms)


Started GET "/assets/event_calendar.js?body=1" for 127.0.0.1 at 2013-04-01 00:01:07 -0400
Served asset /event_calendar.js - 304 Not Modified (9ms)


Started GET "/events" for 127.0.0.1 at 2013-04-01 00:01:39 -0400
Processing by EventsController#index as HTML
  [1m[35mEvent Load (0.4ms)[0m  SELECT "events".* FROM "events" 
  Rendered events/index.html.erb within layouts/application (7.1ms)
Completed 200 OK in 105ms (Views: 102.2ms | ActiveRecord: 0.4ms)


Started GET "/assets/application.css?body=1" for 127.0.0.1 at 2013-04-01 00:01:39 -0400
Served asset /application.css - 304 Not Modified (1ms)


Started GET "/assets/event_calendar.css?body=1" for 127.0.0.1 at 2013-04-01 00:01:39 -0400
Served asset /event_calendar.css - 304 Not Modified (0ms)


Started GET "/assets/events.css?body=1" for 127.0.0.1 at 2013-04-01 00:01:39 -0400
Served asset /events.css - 304 Not Modified (7ms)


Started GET "/assets/scaffolds.css?body=1" for 127.0.0.1 at 2013-04-01 00:01:39 -0400
Served asset /scaffolds.css - 304 Not Modified (0ms)


Started GET "/assets/jquery.js?body=1" for 127.0.0.1 at 2013-04-01 00:01:39 -0400
Served asset /jquery.js - 304 Not Modified (22ms)


Started GET "/assets/jquery_ujs.js?body=1" for 127.0.0.1 at 2013-04-01 00:01:39 -0400
Served asset /jquery_ujs.js - 304 Not Modified (5ms)


Started GET "/assets/event_calendar.js?body=1" for 127.0.0.1 at 2013-04-01 00:01:39 -0400
Served asset /event_calendar.js - 304 Not Modified (0ms)


Started GET "/assets/events.js?body=1" for 127.0.0.1 at 2013-04-01 00:01:39 -0400
Served asset /events.js - 304 Not Modified (0ms)


Started GET "/assets/application.js?body=1" for 127.0.0.1 at 2013-04-01 00:01:39 -0400
Served asset /application.js - 304 Not Modified (23ms)


Started GET "/events/new" for 127.0.0.1 at 2013-04-01 00:01:42 -0400
Processing by EventsController#new as HTML
  Rendered events/_form.html.erb (42.4ms)
  Rendered events/new.html.erb within layouts/application (44.5ms)
Completed 200 OK in 76ms (Views: 74.6ms | ActiveRecord: 0.0ms)


Started GET "/assets/application.css?body=1" for 127.0.0.1 at 2013-04-01 00:01:42 -0400
Served asset /application.css - 304 Not Modified (5ms)


Started GET "/assets/event_calendar.css?body=1" for 127.0.0.1 at 2013-04-01 00:01:42 -0400
Served asset /event_calendar.css - 304 Not Modified (0ms)


Started GET "/assets/event_calendar.js?body=1" for 127.0.0.1 at 2013-04-01 00:01:42 -0400
Served asset /event_calendar.js - 304 Not Modified (0ms)


Started GET "/assets/jquery_ujs.js?body=1" for 127.0.0.1 at 2013-04-01 00:01:42 -0400
Served asset /jquery_ujs.js - 304 Not Modified (3ms)


Started GET "/assets/jquery.js?body=1" for 127.0.0.1 at 2013-04-01 00:01:42 -0400
Served asset /jquery.js - 304 Not Modified (10ms)


Started GET "/assets/scaffolds.css?body=1" for 127.0.0.1 at 2013-04-01 00:01:42 -0400
Served asset /scaffolds.css - 304 Not Modified (4ms)


Started GET "/assets/events.css?body=1" for 127.0.0.1 at 2013-04-01 00:01:42 -0400
Served asset /events.css - 304 Not Modified (7ms)


Started GET "/assets/events.js?body=1" for 127.0.0.1 at 2013-04-01 00:01:42 -0400
Served asset /events.js - 304 Not Modified (0ms)


Started GET "/assets/application.js?body=1" for 127.0.0.1 at 2013-04-01 00:01:42 -0400
Served asset /application.js - 304 Not Modified (13ms)
